[ 2017-09-09T09:42:43+08:00 ] 127.0.0.1 /Mobile
INFO: [ app_init ] --START--
INFO: Run Behavior\BuildLiteBehavior [ RunTime:0.000000s ]
INFO: [ app_init ] --END-- [ RunTime:0.001000s ]
INFO: [ app_begin ] --START--
INFO: Run Behavior\ReadHtmlCacheBehavior [ RunTime:0.000000s ]
INFO: [ app_begin ] --END-- [ RunTime:0.000000s ]
INFO: [ view_begin ] --START--
INFO: Run Home\Behaviors\testBehavior [ RunTime:0.000000s ]
INFO: [ view_begin ] --END-- [ RunTime:0.000000s ]
INFO: [ view_parse ] --START--
NOTIC: [8] Undefined index: order D:\WWW\demo\ThinkPHP\Library\Think\Template\TagLib\Tpshop.class.php 第 35 行.
NOTIC: [8] Undefined index: where D:\WWW\demo\ThinkPHP\Library\Think\Template\TagLib\Tpshop.class.php 第 37 行.
NOTIC: [8] Undefined index: order D:\WWW\demo\ThinkPHP\Library\Think\Template\TagLib\Tpshop.class.php 第 35 行.
NOTIC: [8] Undefined index: where D:\WWW\demo\ThinkPHP\Library\Think\Template\TagLib\Tpshop.class.php 第 37 行.
NOTIC: [8] Undefined index: order D:\WWW\demo\ThinkPHP\Library\Think\Template\TagLib\Tpshop.class.php 第 35 行.
NOTIC: [8] Undefined index: where D:\WWW\demo\ThinkPHP\Library\Think\Template\TagLib\Tpshop.class.php 第 37 行.
NOTIC: [8] Undefined index: order D:\WWW\demo\ThinkPHP\Library\Think\Template\TagLib\Tpshop.class.php 第 35 行.
NOTIC: [8] Undefined index: where D:\WWW\demo\ThinkPHP\Library\Think\Template\TagLib\Tpshop.class.php 第 37 行.
NOTIC: [8] Undefined index: order D:\WWW\demo\ThinkPHP\Library\Think\Template\TagLib\Tpshop.class.php 第 35 行.
NOTIC: [8] Undefined index: where D:\WWW\demo\ThinkPHP\Library\Think\Template\TagLib\Tpshop.class.php 第 37 行.
NOTIC: [8] Undefined index: order D:\WWW\demo\ThinkPHP\Library\Think\Template\TagLib\Tpshop.class.php 第 35 行.
NOTIC: [8] Undefined index: where D:\WWW\demo\ThinkPHP\Library\Think\Template\TagLib\Tpshop.class.php 第 37 行.
NOTIC: [8] Undefined index: order D:\WWW\demo\ThinkPHP\Library\Think\Template\TagLib\Tpshop.class.php 第 35 行.
NOTIC: [8] Undefined index: where D:\WWW\demo\ThinkPHP\Library\Think\Template\TagLib\Tpshop.class.php 第 37 行.
NOTIC: [8] Undefined index: order D:\WWW\demo\ThinkPHP\Library\Think\Template\TagLib\Tpshop.class.php 第 35 行.
NOTIC: [8] Undefined index: where D:\WWW\demo\ThinkPHP\Library\Think\Template\TagLib\Tpshop.class.php 第 37 行.
NOTIC: [8] Undefined index: order D:\WWW\demo\ThinkPHP\Library\Think\Template\TagLib\Tpshop.class.php 第 35 行.
NOTIC: [8] Undefined index: where D:\WWW\demo\ThinkPHP\Library\Think\Template\TagLib\Tpshop.class.php 第 37 行.
NOTIC: [8] Undefined index: order D:\WWW\demo\ThinkPHP\Library\Think\Template\TagLib\Tpshop.class.php 第 35 行.
NOTIC: [8] Undefined index: where D:\WWW\demo\ThinkPHP\Library\Think\Template\TagLib\Tpshop.class.php 第 37 行.
NOTIC: [8] Undefined index: order D:\WWW\demo\ThinkPHP\Library\Think\Template\TagLib\Tpshop.class.php 第 35 行.
NOTIC: [8] Undefined index: where D:\WWW\demo\ThinkPHP\Library\Think\Template\TagLib\Tpshop.class.php 第 37 行.
NOTIC: [8] Undefined index: level D:\WWW\demo\ThinkPHP\Library\Think\Template\TagLib\Tpshop.class.php 第 155 行.
NOTIC: [8] Undefined index: level D:\WWW\demo\ThinkPHP\Library\Think\Template\TagLib\Tpshop.class.php 第 155 行.
NOTIC: [8] Undefined index: level D:\WWW\demo\ThinkPHP\Library\Think\Template\TagLib\Tpshop.class.php 第 155 行.
NOTIC: [8] Undefined index: level D:\WWW\demo\ThinkPHP\Library\Think\Template\TagLib\Tpshop.class.php 第 155 行.
NOTIC: [8] Undefined index: level D:\WWW\demo\ThinkPHP\Library\Think\Template\TagLib\Tpshop.class.php 第 155 行.
INFO: [ template_filter ] --START--
INFO: Run Behavior\ContentReplaceBehavior [ RunTime:0.000000s ]
INFO: [ template_filter ] --END-- [ RunTime:0.000000s ]
NOTIC: [8] Use of undefined constant edit_ad - assumed 'edit_ad' D:\WWW\demo\Application\Runtime\Cache\Mobile\b5bbc2774616647d2eecc9fe44b263ed.php 第 33 行.
NOTIC: [8] Undefined index: edit_ad D:\WWW\demo\Application\Runtime\Cache\Mobile\b5bbc2774616647d2eecc9fe44b263ed.php 第 33 行.
NOTIC: [8] Use of undefined constant position - assumed 'position' D:\WWW\demo\Application\Runtime\Cache\Mobile\b5bbc2774616647d2eecc9fe44b263ed.php 第 33 行.
NOTIC: [8] Use of undefined constant pid - assumed 'pid' D:\WWW\demo\Application\Runtime\Cache\Mobile\b5bbc2774616647d2eecc9fe44b263ed.php 第 33 行.
NOTIC: [8] Use of undefined constant edit_ad - assumed 'edit_ad' D:\WWW\demo\Application\Runtime\Cache\Mobile\b5bbc2774616647d2eecc9fe44b263ed.php 第 33 行.
NOTIC: [8] Undefined index: edit_ad D:\WWW\demo\Application\Runtime\Cache\Mobile\b5bbc2774616647d2eecc9fe44b263ed.php 第 33 行.
NOTIC: [8] Use of undefined constant ad_code - assumed 'ad_code' D:\WWW\demo\Application\Runtime\Cache\Mobile\b5bbc2774616647d2eecc9fe44b263ed.php 第 33 行.
NOTIC: [8] Use of undefined constant title - assumed 'title' D:\WWW\demo\Application\Runtime\Cache\Mobile\b5bbc2774616647d2eecc9fe44b263ed.php 第 33 行.
NOTIC: [8] Undefined index: title D:\WWW\demo\Application\Runtime\Cache\Mobile\b5bbc2774616647d2eecc9fe44b263ed.php 第 33 行.
NOTIC: [8] Use of undefined constant style - assumed 'style' D:\WWW\demo\Application\Runtime\Cache\Mobile\b5bbc2774616647d2eecc9fe44b263ed.php 第 33 行.
NOTIC: [8] Undefined index: style D:\WWW\demo\Application\Runtime\Cache\Mobile\b5bbc2774616647d2eecc9fe44b263ed.php 第 33 行.
NOTIC: [8] Use of undefined constant position - assumed 'position' D:\WWW\demo\Application\Runtime\Cache\Mobile\b5bbc2774616647d2eecc9fe44b263ed.php 第 33 行.
NOTIC: [8] Use of undefined constant pid - assumed 'pid' D:\WWW\demo\Application\Runtime\Cache\Mobile\b5bbc2774616647d2eecc9fe44b263ed.php 第 33 行.
NOTIC: [8] Use of undefined constant edit_ad - assumed 'edit_ad' D:\WWW\demo\Application\Runtime\Cache\Mobile\b5bbc2774616647d2eecc9fe44b263ed.php 第 33 行.
NOTIC: [8] Undefined index: edit_ad D:\WWW\demo\Application\Runtime\Cache\Mobile\b5bbc2774616647d2eecc9fe44b263ed.php 第 33 行.
NOTIC: [8] Use of undefined constant ad_code - assumed 'ad_code' D:\WWW\demo\Application\Runtime\Cache\Mobile\b5bbc2774616647d2eecc9fe44b263ed.php 第 33 行.
NOTIC: [8] Use of undefined constant title - assumed 'title' D:\WWW\demo\Application\Runtime\Cache\Mobile\b5bbc2774616647d2eecc9fe44b263ed.php 第 33 行.
NOTIC: [8] Undefined index: title D:\WWW\demo\Application\Runtime\Cache\Mobile\b5bbc2774616647d2eecc9fe44b263ed.php 第 33 行.
NOTIC: [8] Use of undefined constant style - assumed 'style' D:\WWW\demo\Application\Runtime\Cache\Mobile\b5bbc2774616647d2eecc9fe44b263ed.php 第 33 行.
NOTIC: [8] Undefined index: style D:\WWW\demo\Application\Runtime\Cache\Mobile\b5bbc2774616647d2eecc9fe44b263ed.php 第 33 行.
NOTIC: [8] Use of undefined constant edit_ad - assumed 'edit_ad' D:\WWW\demo\Application\Runtime\Cache\Mobile\b5bbc2774616647d2eecc9fe44b263ed.php 第 114 行.
NOTIC: [8] Undefined index: edit_ad D:\WWW\demo\Application\Runtime\Cache\Mobile\b5bbc2774616647d2eecc9fe44b263ed.php 第 114 行.
NOTIC: [8] Use of undefined constant edit_ad - assumed 'edit_ad' D:\WWW\demo\Application\Runtime\Cache\Mobile\b5bbc2774616647d2eecc9fe44b263ed.php 第 120 行.
NOTIC: [8] Undefined index: edit_ad D:\WWW\demo\Application\Runtime\Cache\Mobile\b5bbc2774616647d2eecc9fe44b263ed.php 第 120 行.
NOTIC: [8] Use of undefined constant edit_ad - assumed 'edit_ad' D:\WWW\demo\Application\Runtime\Cache\Mobile\b5bbc2774616647d2eecc9fe44b263ed.php 第 125 行.
NOTIC: [8] Undefined index: edit_ad D:\WWW\demo\Application\Runtime\Cache\Mobile\b5bbc2774616647d2eecc9fe44b263ed.php 第 125 行.
NOTIC: [8] Use of undefined constant edit_ad - assumed 'edit_ad' D:\WWW\demo\Application\Runtime\Cache\Mobile\b5bbc2774616647d2eecc9fe44b263ed.php 第 133 行.
NOTIC: [8] Undefined index: edit_ad D:\WWW\demo\Application\Runtime\Cache\Mobile\b5bbc2774616647d2eecc9fe44b263ed.php 第 133 行.
NOTIC: [8] Use of undefined constant edit_ad - assumed 'edit_ad' D:\WWW\demo\Application\Runtime\Cache\Mobile\b5bbc2774616647d2eecc9fe44b263ed.php 第 138 行.
NOTIC: [8] Undefined index: edit_ad D:\WWW\demo\Application\Runtime\Cache\Mobile\b5bbc2774616647d2eecc9fe44b263ed.php 第 138 行.
NOTIC: [8] Use of undefined constant goods_id - assumed 'goods_id' D:\WWW\demo\Application\Runtime\Cache\Mobile\b5bbc2774616647d2eecc9fe44b263ed.php 第 191 行.
NOTIC: [8] Use of undefined constant goods_id - assumed 'goods_id' D:\WWW\demo\Application\Runtime\Cache\Mobile\b5bbc2774616647d2eecc9fe44b263ed.php 第 193 行.
NOTIC: [8] Use of undefined constant goods_id - assumed 'goods_id' D:\WWW\demo\Application\Runtime\Cache\Mobile\b5bbc2774616647d2eecc9fe44b263ed.php 第 194 行.
NOTIC: [8] Use of undefined constant goods_id - assumed 'goods_id' D:\WWW\demo\Application\Runtime\Cache\Mobile\b5bbc2774616647d2eecc9fe44b263ed.php 第 196 行.
NOTIC: [8] Use of undefined constant goods_id - assumed 'goods_id' D:\WWW\demo\Application\Runtime\Cache\Mobile\b5bbc2774616647d2eecc9fe44b263ed.php 第 196 行.
NOTIC: [8] Use of undefined constant goods_id - assumed 'goods_id' D:\WWW\demo\Application\Runtime\Cache\Mobile\b5bbc2774616647d2eecc9fe44b263ed.php 第 191 行.
NOTIC: [8] Use of undefined constant goods_id - assumed 'goods_id' D:\WWW\demo\Application\Runtime\Cache\Mobile\b5bbc2774616647d2eecc9fe44b263ed.php 第 193 行.
NOTIC: [8] Use of undefined constant goods_id - assumed 'goods_id' D:\WWW\demo\Application\Runtime\Cache\Mobile\b5bbc2774616647d2eecc9fe44b263ed.php 第 194 行.
NOTIC: [8] Use of undefined constant goods_id - assumed 'goods_id' D:\WWW\demo\Application\Runtime\Cache\Mobile\b5bbc2774616647d2eecc9fe44b263ed.php 第 196 行.
NOTIC: [8] Use of undefined constant goods_id - assumed 'goods_id' D:\WWW\demo\Application\Runtime\Cache\Mobile\b5bbc2774616647d2eecc9fe44b263ed.php 第 196 行.
NOTIC: [8] Use of undefined constant goods_id - assumed 'goods_id' D:\WWW\demo\Application\Runtime\Cache\Mobile\b5bbc2774616647d2eecc9fe44b263ed.php 第 191 行.
NOTIC: [8] Use of undefined constant goods_id - assumed 'goods_id' D:\WWW\demo\Application\Runtime\Cache\Mobile\b5bbc2774616647d2eecc9fe44b263ed.php 第 193 行.
NOTIC: [8] Use of undefined constant goods_id - assumed 'goods_id' D:\WWW\demo\Application\Runtime\Cache\Mobile\b5bbc2774616647d2eecc9fe44b263ed.php 第 194 行.
NOTIC: [8] Use of undefined constant goods_id - assumed 'goods_id' D:\WWW\demo\Application\Runtime\Cache\Mobile\b5bbc2774616647d2eecc9fe44b263ed.php 第 196 行.
NOTIC: [8] Use of undefined constant goods_id - assumed 'goods_id' D:\WWW\demo\Application\Runtime\Cache\Mobile\b5bbc2774616647d2eecc9fe44b263ed.php 第 196 行.
NOTIC: [8] Use of undefined constant goods_id - assumed 'goods_id' D:\WWW\demo\Application\Runtime\Cache\Mobile\b5bbc2774616647d2eecc9fe44b263ed.php 第 210 行.
NOTIC: [8] Use of undefined constant goods_id - assumed 'goods_id' D:\WWW\demo\Application\Runtime\Cache\Mobile\b5bbc2774616647d2eecc9fe44b263ed.php 第 212 行.
NOTIC: [8] Use of undefined constant goods_id - assumed 'goods_id' D:\WWW\demo\Application\Runtime\Cache\Mobile\b5bbc2774616647d2eecc9fe44b263ed.php 第 214 行.
NOTIC: [8] Use of undefined constant goods_id - assumed 'goods_id' D:\WWW\demo\Application\Runtime\Cache\Mobile\b5bbc2774616647d2eecc9fe44b263ed.php 第 220 行.
NOTIC: [8] Use of undefined constant goods_id - assumed 'goods_id' D:\WWW\demo\Application\Runtime\Cache\Mobile\b5bbc2774616647d2eecc9fe44b263ed.php 第 210 行.
NOTIC: [8] Use of undefined constant goods_id - assumed 'goods_id' D:\WWW\demo\Application\Runtime\Cache\Mobile\b5bbc2774616647d2eecc9fe44b263ed.php 第 212 行.
NOTIC: [8] Use of undefined constant goods_id - assumed 'goods_id' D:\WWW\demo\Application\Runtime\Cache\Mobile\b5bbc2774616647d2eecc9fe44b263ed.php 第 214 行.
NOTIC: [8] Use of undefined constant goods_id - assumed 'goods_id' D:\WWW\demo\Application\Runtime\Cache\Mobile\b5bbc2774616647d2eecc9fe44b263ed.php 第 220 行.
NOTIC: [8] Use of undefined constant goods_id - assumed 'goods_id' D:\WWW\demo\Application\Runtime\Cache\Mobile\b5bbc2774616647d2eecc9fe44b263ed.php 第 210 行.
NOTIC: [8] Use of undefined constant goods_id - assumed 'goods_id' D:\WWW\demo\Application\Runtime\Cache\Mobile\b5bbc2774616647d2eecc9fe44b263ed.php 第 212 行.
NOTIC: [8] Use of undefined constant goods_id - assumed 'goods_id' D:\WWW\demo\Application\Runtime\Cache\Mobile\b5bbc2774616647d2eecc9fe44b263ed.php 第 214 行.
NOTIC: [8] Use of undefined constant goods_id - assumed 'goods_id' D:\WWW\demo\Application\Runtime\Cache\Mobile\b5bbc2774616647d2eecc9fe44b263ed.php 第 220 行.
NOTIC: [8] Use of undefined constant edit_ad - assumed 'edit_ad' D:\WWW\demo\Application\Runtime\Cache\Mobile\b5bbc2774616647d2eecc9fe44b263ed.php 第 235 行.
NOTIC: [8] Undefined index: edit_ad D:\WWW\demo\Application\Runtime\Cache\Mobile\b5bbc2774616647d2eecc9fe44b263ed.php 第 235 行.
NOTIC: [8] Use of undefined constant edit_ad - assumed 'edit_ad' D:\WWW\demo\Application\Runtime\Cache\Mobile\b5bbc2774616647d2eecc9fe44b263ed.php 第 241 行.
NOTIC: [8] Undefined index: edit_ad D:\WWW\demo\Application\Runtime\Cache\Mobile\b5bbc2774616647d2eecc9fe44b263ed.php 第 241 行.
NOTIC: [8] Use of undefined constant edit_ad - assumed 'edit_ad' D:\WWW\demo\Application\Runtime\Cache\Mobile\b5bbc2774616647d2eecc9fe44b263ed.php 第 246 行.
NOTIC: [8] Undefined index: edit_ad D:\WWW\demo\Application\Runtime\Cache\Mobile\b5bbc2774616647d2eecc9fe44b263ed.php 第 246 行.
NOTIC: [8] Use of undefined constant edit_ad - assumed 'edit_ad' D:\WWW\demo\Application\Runtime\Cache\Mobile\b5bbc2774616647d2eecc9fe44b263ed.php 第 253 行.
NOTIC: [8] Undefined index: edit_ad D:\WWW\demo\Application\Runtime\Cache\Mobile\b5bbc2774616647d2eecc9fe44b263ed.php 第 253 行.
NOTIC: [8] Use of undefined constant goods_id - assumed 'goods_id' D:\WWW\demo\Application\Runtime\Cache\Mobile\b5bbc2774616647d2eecc9fe44b263ed.php 第 270 行.
NOTIC: [8] Use of undefined constant goods_id - assumed 'goods_id' D:\WWW\demo\Application\Runtime\Cache\Mobile\b5bbc2774616647d2eecc9fe44b263ed.php 第 276 行.
NOTIC: [8] Use of undefined constant goods_id - assumed 'goods_id' D:\WWW\demo\Application\Runtime\Cache\Mobile\b5bbc2774616647d2eecc9fe44b263ed.php 第 279 行.
NOTIC: [8] Use of undefined constant goods_id - assumed 'goods_id' D:\WWW\demo\Application\Runtime\Cache\Mobile\b5bbc2774616647d2eecc9fe44b263ed.php 第 270 行.
NOTIC: [8] Use of undefined constant goods_id - assumed 'goods_id' D:\WWW\demo\Application\Runtime\Cache\Mobile\b5bbc2774616647d2eecc9fe44b263ed.php 第 276 行.
NOTIC: [8] Use of undefined constant goods_id - assumed 'goods_id' D:\WWW\demo\Application\Runtime\Cache\Mobile\b5bbc2774616647d2eecc9fe44b263ed.php 第 279 行.
NOTIC: [8] Use of undefined constant goods_id - assumed 'goods_id' D:\WWW\demo\Application\Runtime\Cache\Mobile\b5bbc2774616647d2eecc9fe44b263ed.php 第 270 行.
NOTIC: [8] Use of undefined constant goods_id - assumed 'goods_id' D:\WWW\demo\Application\Runtime\Cache\Mobile\b5bbc2774616647d2eecc9fe44b263ed.php 第 276 行.
NOTIC: [8] Use of undefined constant goods_id - assumed 'goods_id' D:\WWW\demo\Application\Runtime\Cache\Mobile\b5bbc2774616647d2eecc9fe44b263ed.php 第 279 行.
NOTIC: [8] Use of undefined constant goods_id - assumed 'goods_id' D:\WWW\demo\Application\Runtime\Cache\Mobile\b5bbc2774616647d2eecc9fe44b263ed.php 第 270 行.
NOTIC: [8] Use of undefined constant goods_id - assumed 'goods_id' D:\WWW\demo\Application\Runtime\Cache\Mobile\b5bbc2774616647d2eecc9fe44b263ed.php 第 276 行.
NOTIC: [8] Use of undefined constant goods_id - assumed 'goods_id' D:\WWW\demo\Application\Runtime\Cache\Mobile\b5bbc2774616647d2eecc9fe44b263ed.php 第 279 行.
NOTIC: [8] Use of undefined constant goods_id - assumed 'goods_id' D:\WWW\demo\Application\Runtime\Cache\Mobile\b5bbc2774616647d2eecc9fe44b263ed.php 第 270 行.
NOTIC: [8] Use of undefined constant goods_id - assumed 'goods_id' D:\WWW\demo\Application\Runtime\Cache\Mobile\b5bbc2774616647d2eecc9fe44b263ed.php 第 276 行.
NOTIC: [8] Use of undefined constant goods_id - assumed 'goods_id' D:\WWW\demo\Application\Runtime\Cache\Mobile\b5bbc2774616647d2eecc9fe44b263ed.php 第 279 行.
NOTIC: [8] Use of undefined constant goods_id - assumed 'goods_id' D:\WWW\demo\Application\Runtime\Cache\Mobile\b5bbc2774616647d2eecc9fe44b263ed.php 第 270 行.
NOTIC: [8] Use of undefined constant goods_id - assumed 'goods_id' D:\WWW\demo\Application\Runtime\Cache\Mobile\b5bbc2774616647d2eecc9fe44b263ed.php 第 276 行.
NOTIC: [8] Use of undefined constant goods_id - assumed 'goods_id' D:\WWW\demo\Application\Runtime\Cache\Mobile\b5bbc2774616647d2eecc9fe44b263ed.php 第 279 行.
NOTIC: [8] Use of undefined constant goods_id - assumed 'goods_id' D:\WWW\demo\Application\Runtime\Cache\Mobile\b5bbc2774616647d2eecc9fe44b263ed.php 第 270 行.
NOTIC: [8] Use of undefined constant goods_id - assumed 'goods_id' D:\WWW\demo\Application\Runtime\Cache\Mobile\b5bbc2774616647d2eecc9fe44b263ed.php 第 276 行.
NOTIC: [8] Use of undefined constant goods_id - assumed 'goods_id' D:\WWW\demo\Application\Runtime\Cache\Mobile\b5bbc2774616647d2eecc9fe44b263ed.php 第 279 行.
NOTIC: [8] Use of undefined constant goods_id - assumed 'goods_id' D:\WWW\demo\Application\Runtime\Cache\Mobile\b5bbc2774616647d2eecc9fe44b263ed.php 第 270 行.
NOTIC: [8] Use of undefined constant goods_id - assumed 'goods_id' D:\WWW\demo\Application\Runtime\Cache\Mobile\b5bbc2774616647d2eecc9fe44b263ed.php 第 276 行.
NOTIC: [8] Use of undefined constant goods_id - assumed 'goods_id' D:\WWW\demo\Application\Runtime\Cache\Mobile\b5bbc2774616647d2eecc9fe44b263ed.php 第 279 行.
NOTIC: [8] Use of undefined constant goods_id - assumed 'goods_id' D:\WWW\demo\Application\Runtime\Cache\Mobile\b5bbc2774616647d2eecc9fe44b263ed.php 第 270 行.
NOTIC: [8] Use of undefined constant goods_id - assumed 'goods_id' D:\WWW\demo\Application\Runtime\Cache\Mobile\b5bbc2774616647d2eecc9fe44b263ed.php 第 276 行.
NOTIC: [8] Use of undefined constant goods_id - assumed 'goods_id' D:\WWW\demo\Application\Runtime\Cache\Mobile\b5bbc2774616647d2eecc9fe44b263ed.php 第 279 行.
NOTIC: [8] Use of undefined constant goods_id - assumed 'goods_id' D:\WWW\demo\Application\Runtime\Cache\Mobile\b5bbc2774616647d2eecc9fe44b263ed.php 第 315 行.
NOTIC: [8] Use of undefined constant goods_id - assumed 'goods_id' D:\WWW\demo\Application\Runtime\Cache\Mobile\b5bbc2774616647d2eecc9fe44b263ed.php 第 321 行.
NOTIC: [8] Use of undefined constant goods_id - assumed 'goods_id' D:\WWW\demo\Application\Runtime\Cache\Mobile\b5bbc2774616647d2eecc9fe44b263ed.php 第 324 行.
NOTIC: [8] Use of undefined constant goods_id - assumed 'goods_id' D:\WWW\demo\Application\Runtime\Cache\Mobile\b5bbc2774616647d2eecc9fe44b263ed.php 第 315 行.
NOTIC: [8] Use of undefined constant goods_id - assumed 'goods_id' D:\WWW\demo\Application\Runtime\Cache\Mobile\b5bbc2774616647d2eecc9fe44b263ed.php 第 321 行.
NOTIC: [8] Use of undefined constant goods_id - assumed 'goods_id' D:\WWW\demo\Application\Runtime\Cache\Mobile\b5bbc2774616647d2eecc9fe44b263ed.php 第 324 行.
NOTIC: [8] Use of undefined constant goods_id - assumed 'goods_id' D:\WWW\demo\Application\Runtime\Cache\Mobile\b5bbc2774616647d2eecc9fe44b263ed.php 第 315 行.
NOTIC: [8] Use of undefined constant goods_id - assumed 'goods_id' D:\WWW\demo\Application\Runtime\Cache\Mobile\b5bbc2774616647d2eecc9fe44b263ed.php 第 321 行.
NOTIC: [8] Use of undefined constant goods_id - assumed 'goods_id' D:\WWW\demo\Application\Runtime\Cache\Mobile\b5bbc2774616647d2eecc9fe44b263ed.php 第 324 行.
NOTIC: [8] Use of undefined constant goods_id - assumed 'goods_id' D:\WWW\demo\Application\Runtime\Cache\Mobile\b5bbc2774616647d2eecc9fe44b263ed.php 第 315 行.
NOTIC: [8] Use of undefined constant goods_id - assumed 'goods_id' D:\WWW\demo\Application\Runtime\Cache\Mobile\b5bbc2774616647d2eecc9fe44b263ed.php 第 321 行.
NOTIC: [8] Use of undefined constant goods_id - assumed 'goods_id' D:\WWW\demo\Application\Runtime\Cache\Mobile\b5bbc2774616647d2eecc9fe44b263ed.php 第 324 行.
NOTIC: [8] Use of undefined constant goods_id - assumed 'goods_id' D:\WWW\demo\Application\Runtime\Cache\Mobile\b5bbc2774616647d2eecc9fe44b263ed.php 第 315 行.
NOTIC: [8] Use of undefined constant goods_id - assumed 'goods_id' D:\WWW\demo\Application\Runtime\Cache\Mobile\b5bbc2774616647d2eecc9fe44b263ed.php 第 321 行.
NOTIC: [8] Use of undefined constant goods_id - assumed 'goods_id' D:\WWW\demo\Application\Runtime\Cache\Mobile\b5bbc2774616647d2eecc9fe44b263ed.php 第 324 行.
NOTIC: [8] Use of undefined constant goods_id - assumed 'goods_id' D:\WWW\demo\Application\Runtime\Cache\Mobile\b5bbc2774616647d2eecc9fe44b263ed.php 第 315 行.
NOTIC: [8] Use of undefined constant goods_id - assumed 'goods_id' D:\WWW\demo\Application\Runtime\Cache\Mobile\b5bbc2774616647d2eecc9fe44b263ed.php 第 321 行.
NOTIC: [8] Use of undefined constant goods_id - assumed 'goods_id' D:\WWW\demo\Application\Runtime\Cache\Mobile\b5bbc2774616647d2eecc9fe44b263ed.php 第 324 行.
NOTIC: [8] Use of undefined constant goods_id - assumed 'goods_id' D:\WWW\demo\Application\Runtime\Cache\Mobile\b5bbc2774616647d2eecc9fe44b263ed.php 第 315 行.
NOTIC: [8] Use of undefined constant goods_id - assumed 'goods_id' D:\WWW\demo\Application\Runtime\Cache\Mobile\b5bbc2774616647d2eecc9fe44b263ed.php 第 321 行.
NOTIC: [8] Use of undefined constant goods_id - assumed 'goods_id' D:\WWW\demo\Application\Runtime\Cache\Mobile\b5bbc2774616647d2eecc9fe44b263ed.php 第 324 行.
NOTIC: [8] Use of undefined constant goods_id - assumed 'goods_id' D:\WWW\demo\Application\Runtime\Cache\Mobile\b5bbc2774616647d2eecc9fe44b263ed.php 第 315 行.
NOTIC: [8] Use of undefined constant goods_id - assumed 'goods_id' D:\WWW\demo\Application\Runtime\Cache\Mobile\b5bbc2774616647d2eecc9fe44b263ed.php 第 321 行.
NOTIC: [8] Use of undefined constant goods_id - assumed 'goods_id' D:\WWW\demo\Application\Runtime\Cache\Mobile\b5bbc2774616647d2eecc9fe44b263ed.php 第 324 行.
NOTIC: [8] Use of undefined constant goods_id - assumed 'goods_id' D:\WWW\demo\Application\Runtime\Cache\Mobile\b5bbc2774616647d2eecc9fe44b263ed.php 第 315 行.
NOTIC: [8] Use of undefined constant goods_id - assumed 'goods_id' D:\WWW\demo\Application\Runtime\Cache\Mobile\b5bbc2774616647d2eecc9fe44b263ed.php 第 321 行.
NOTIC: [8] Use of undefined constant goods_id - assumed 'goods_id' D:\WWW\demo\Application\Runtime\Cache\Mobile\b5bbc2774616647d2eecc9fe44b263ed.php 第 324 行.
NOTIC: [8] Use of undefined constant goods_id - assumed 'goods_id' D:\WWW\demo\Application\Runtime\Cache\Mobile\b5bbc2774616647d2eecc9fe44b263ed.php 第 357 行.
NOTIC: [8] Use of undefined constant goods_id - assumed 'goods_id' D:\WWW\demo\Application\Runtime\Cache\Mobile\b5bbc2774616647d2eecc9fe44b263ed.php 第 363 行.
NOTIC: [8] Use of undefined constant goods_id - assumed 'goods_id' D:\WWW\demo\Application\Runtime\Cache\Mobile\b5bbc2774616647d2eecc9fe44b263ed.php 第 366 行.
NOTIC: [8] Use of undefined constant goods_id - assumed 'goods_id' D:\WWW\demo\Application\Runtime\Cache\Mobile\b5bbc2774616647d2eecc9fe44b263ed.php 第 357 行.
NOTIC: [8] Use of undefined constant goods_id - assumed 'goods_id' D:\WWW\demo\Application\Runtime\Cache\Mobile\b5bbc2774616647d2eecc9fe44b263ed.php 第 363 行.
NOTIC: [8] Use of undefined constant goods_id - assumed 'goods_id' D:\WWW\demo\Application\Runtime\Cache\Mobile\b5bbc2774616647d2eecc9fe44b263ed.php 第 366 行.
NOTIC: [8] Use of undefined constant goods_id - assumed 'goods_id' D:\WWW\demo\Application\Runtime\Cache\Mobile\b5bbc2774616647d2eecc9fe44b263ed.php 第 357 行.
NOTIC: [8] Use of undefined constant goods_id - assumed 'goods_id' D:\WWW\demo\Application\Runtime\Cache\Mobile\b5bbc2774616647d2eecc9fe44b263ed.php 第 363 行.
NOTIC: [8] Use of undefined constant goods_id - assumed 'goods_id' D:\WWW\demo\Application\Runtime\Cache\Mobile\b5bbc2774616647d2eecc9fe44b263ed.php 第 366 行.
NOTIC: [8] Use of undefined constant goods_id - assumed 'goods_id' D:\WWW\demo\Application\Runtime\Cache\Mobile\b5bbc2774616647d2eecc9fe44b263ed.php 第 357 行.
NOTIC: [8] Use of undefined constant goods_id - assumed 'goods_id' D:\WWW\demo\Application\Runtime\Cache\Mobile\b5bbc2774616647d2eecc9fe44b263ed.php 第 363 行.
NOTIC: [8] Use of undefined constant goods_id - assumed 'goods_id' D:\WWW\demo\Application\Runtime\Cache\Mobile\b5bbc2774616647d2eecc9fe44b263ed.php 第 366 行.
NOTIC: [8] Use of undefined constant goods_id - assumed 'goods_id' D:\WWW\demo\Application\Runtime\Cache\Mobile\b5bbc2774616647d2eecc9fe44b263ed.php 第 357 行.
NOTIC: [8] Use of undefined constant goods_id - assumed 'goods_id' D:\WWW\demo\Application\Runtime\Cache\Mobile\b5bbc2774616647d2eecc9fe44b263ed.php 第 363 行.
NOTIC: [8] Use of undefined constant goods_id - assumed 'goods_id' D:\WWW\demo\Application\Runtime\Cache\Mobile\b5bbc2774616647d2eecc9fe44b263ed.php 第 366 行.
NOTIC: [8] Use of undefined constant goods_id - assumed 'goods_id' D:\WWW\demo\Application\Runtime\Cache\Mobile\b5bbc2774616647d2eecc9fe44b263ed.php 第 357 行.
NOTIC: [8] Use of undefined constant goods_id - assumed 'goods_id' D:\WWW\demo\Application\Runtime\Cache\Mobile\b5bbc2774616647d2eecc9fe44b263ed.php 第 363 行.
NOTIC: [8] Use of undefined constant goods_id - assumed 'goods_id' D:\WWW\demo\Application\Runtime\Cache\Mobile\b5bbc2774616647d2eecc9fe44b263ed.php 第 366 行.
NOTIC: [8] Use of undefined constant goods_id - assumed 'goods_id' D:\WWW\demo\Application\Runtime\Cache\Mobile\b5bbc2774616647d2eecc9fe44b263ed.php 第 357 行.
NOTIC: [8] Use of undefined constant goods_id - assumed 'goods_id' D:\WWW\demo\Application\Runtime\Cache\Mobile\b5bbc2774616647d2eecc9fe44b263ed.php 第 363 行.
NOTIC: [8] Use of undefined constant goods_id - assumed 'goods_id' D:\WWW\demo\Application\Runtime\Cache\Mobile\b5bbc2774616647d2eecc9fe44b263ed.php 第 366 行.
NOTIC: [8] Use of undefined constant goods_id - assumed 'goods_id' D:\WWW\demo\Application\Runtime\Cache\Mobile\b5bbc2774616647d2eecc9fe44b263ed.php 第 357 行.
NOTIC: [8] Use of undefined constant goods_id - assumed 'goods_id' D:\WWW\demo\Application\Runtime\Cache\Mobile\b5bbc2774616647d2eecc9fe44b263ed.php 第 363 行.
NOTIC: [8] Use of undefined constant goods_id - assumed 'goods_id' D:\WWW\demo\Application\Runtime\Cache\Mobile\b5bbc2774616647d2eecc9fe44b263ed.php 第 366 行.
NOTIC: [8] Use of undefined constant goods_id - assumed 'goods_id' D:\WWW\demo\Application\Runtime\Cache\Mobile\b5bbc2774616647d2eecc9fe44b263ed.php 第 357 行.
NOTIC: [8] Use of undefined constant goods_id - assumed 'goods_id' D:\WWW\demo\Application\Runtime\Cache\Mobile\b5bbc2774616647d2eecc9fe44b263ed.php 第 363 行.
NOTIC: [8] Use of undefined constant goods_id - assumed 'goods_id' D:\WWW\demo\Application\Runtime\Cache\Mobile\b5bbc2774616647d2eecc9fe44b263ed.php 第 366 行.
NOTIC: [8] Use of undefined constant edit_ad - assumed 'edit_ad' D:\WWW\demo\Application\Runtime\Cache\Mobile\b5bbc2774616647d2eecc9fe44b263ed.php 第 403 行.
NOTIC: [8] Undefined index: edit_ad D:\WWW\demo\Application\Runtime\Cache\Mobile\b5bbc2774616647d2eecc9fe44b263ed.php 第 403 行.
NOTIC: [8] Undefined variable: user_id D:\WWW\demo\Application\Runtime\Cache\Mobile\b5bbc2774616647d2eecc9fe44b263ed.php 第 469 行.
NOTIC: [8] Undefined variable: signPackage D:\WWW\demo\Application\Runtime\Cache\Mobile\b5bbc2774616647d2eecc9fe44b263ed.php 第 582 行.
INFO: Run Behavior\ParseTemplateBehavior [ RunTime:0.072202s ]
INFO: [ view_parse ] --END-- [ RunTime:0.072202s ]
INFO: [ view_filter ] --START--
INFO: Run Behavior\WriteHtmlCacheBehavior [ RunTime:0.000000s ]
INFO: Run Behavior\TokenBuildBehavior [ RunTime:0.002000s ]
INFO: [ view_filter ] --END-- [ RunTime:0.002000s ]
INFO: [ app_end ] --START--
INFO: Run Behavior\ShowPageTraceBehavior [ RunTime:0.001000s ]
INFO: [ app_end ] --END-- [ RunTime:0.001000s ]

[ 2017-09-09T09:42:45+08:00 ] 127.0.0.1 /index.php?m=Mobile&c=Index&a=ajaxGetMore&p=1
INFO: [ app_init ] --START--
INFO: Run Behavior\BuildLiteBehavior [ RunTime:0.000000s ]
INFO: [ app_init ] --END-- [ RunTime:0.001000s ]
INFO: [ app_begin ] --START--
INFO: Run Behavior\ReadHtmlCacheBehavior [ RunTime:0.001000s ]
INFO: [ app_begin ] --END-- [ RunTime:0.001000s ]
INFO: [ view_begin ] --START--
INFO: Run Home\Behaviors\testBehavior [ RunTime:0.001000s ]
INFO: [ view_begin ] --END-- [ RunTime:0.001000s ]
INFO: [ view_parse ] --START--
INFO: [ template_filter ] --START--
INFO: Run Behavior\ContentReplaceBehavior [ RunTime:0.000000s ]
INFO: [ template_filter ] --END-- [ RunTime:0.000000s ]
NOTIC: [8] Use of undefined constant goods_id - assumed 'goods_id' D:\WWW\demo\Application\Runtime\Cache\Mobile\1e5b965c4527df62a04c05e6f82297a7.php 第 2 行.
NOTIC: [8] Use of undefined constant goods_id - assumed 'goods_id' D:\WWW\demo\Application\Runtime\Cache\Mobile\1e5b965c4527df62a04c05e6f82297a7.php 第 8 行.
NOTIC: [8] Use of undefined constant goods_id - assumed 'goods_id' D:\WWW\demo\Application\Runtime\Cache\Mobile\1e5b965c4527df62a04c05e6f82297a7.php 第 11 行.
NOTIC: [8] Use of undefined constant goods_id - assumed 'goods_id' D:\WWW\demo\Application\Runtime\Cache\Mobile\1e5b965c4527df62a04c05e6f82297a7.php 第 2 行.
NOTIC: [8] Use of undefined constant goods_id - assumed 'goods_id' D:\WWW\demo\Application\Runtime\Cache\Mobile\1e5b965c4527df62a04c05e6f82297a7.php 第 8 行.
NOTIC: [8] Use of undefined constant goods_id - assumed 'goods_id' D:\WWW\demo\Application\Runtime\Cache\Mobile\1e5b965c4527df62a04c05e6f82297a7.php 第 11 行.
NOTIC: [8] Use of undefined constant goods_id - assumed 'goods_id' D:\WWW\demo\Application\Runtime\Cache\Mobile\1e5b965c4527df62a04c05e6f82297a7.php 第 2 行.
NOTIC: [8] Use of undefined constant goods_id - assumed 'goods_id' D:\WWW\demo\Application\Runtime\Cache\Mobile\1e5b965c4527df62a04c05e6f82297a7.php 第 8 行.
NOTIC: [8] Use of undefined constant goods_id - assumed 'goods_id' D:\WWW\demo\Application\Runtime\Cache\Mobile\1e5b965c4527df62a04c05e6f82297a7.php 第 11 行.
NOTIC: [8] Use of undefined constant goods_id - assumed 'goods_id' D:\WWW\demo\Application\Runtime\Cache\Mobile\1e5b965c4527df62a04c05e6f82297a7.php 第 2 行.
NOTIC: [8] Use of undefined constant goods_id - assumed 'goods_id' D:\WWW\demo\Application\Runtime\Cache\Mobile\1e5b965c4527df62a04c05e6f82297a7.php 第 8 行.
NOTIC: [8] Use of undefined constant goods_id - assumed 'goods_id' D:\WWW\demo\Application\Runtime\Cache\Mobile\1e5b965c4527df62a04c05e6f82297a7.php 第 11 行.
NOTIC: [8] Use of undefined constant goods_id - assumed 'goods_id' D:\WWW\demo\Application\Runtime\Cache\Mobile\1e5b965c4527df62a04c05e6f82297a7.php 第 2 行.
NOTIC: [8] Use of undefined constant goods_id - assumed 'goods_id' D:\WWW\demo\Application\Runtime\Cache\Mobile\1e5b965c4527df62a04c05e6f82297a7.php 第 8 行.
NOTIC: [8] Use of undefined constant goods_id - assumed 'goods_id' D:\WWW\demo\Application\Runtime\Cache\Mobile\1e5b965c4527df62a04c05e6f82297a7.php 第 11 行.
NOTIC: [8] Use of undefined constant goods_id - assumed 'goods_id' D:\WWW\demo\Application\Runtime\Cache\Mobile\1e5b965c4527df62a04c05e6f82297a7.php 第 2 行.
NOTIC: [8] Use of undefined constant goods_id - assumed 'goods_id' D:\WWW\demo\Application\Runtime\Cache\Mobile\1e5b965c4527df62a04c05e6f82297a7.php 第 8 行.
NOTIC: [8] Use of undefined constant goods_id - assumed 'goods_id' D:\WWW\demo\Application\Runtime\Cache\Mobile\1e5b965c4527df62a04c05e6f82297a7.php 第 11 行.
NOTIC: [8] Use of undefined constant goods_id - assumed 'goods_id' D:\WWW\demo\Application\Runtime\Cache\Mobile\1e5b965c4527df62a04c05e6f82297a7.php 第 2 行.
NOTIC: [8] Use of undefined constant goods_id - assumed 'goods_id' D:\WWW\demo\Application\Runtime\Cache\Mobile\1e5b965c4527df62a04c05e6f82297a7.php 第 8 行.
NOTIC: [8] Use of undefined constant goods_id - assumed 'goods_id' D:\WWW\demo\Application\Runtime\Cache\Mobile\1e5b965c4527df62a04c05e6f82297a7.php 第 11 行.
NOTIC: [8] Use of undefined constant goods_id - assumed 'goods_id' D:\WWW\demo\Application\Runtime\Cache\Mobile\1e5b965c4527df62a04c05e6f82297a7.php 第 2 行.
NOTIC: [8] Use of undefined constant goods_id - assumed 'goods_id' D:\WWW\demo\Application\Runtime\Cache\Mobile\1e5b965c4527df62a04c05e6f82297a7.php 第 8 行.
NOTIC: [8] Use of undefined constant goods_id - assumed 'goods_id' D:\WWW\demo\Application\Runtime\Cache\Mobile\1e5b965c4527df62a04c05e6f82297a7.php 第 11 行.
NOTIC: [8] Use of undefined constant goods_id - assumed 'goods_id' D:\WWW\demo\Application\Runtime\Cache\Mobile\1e5b965c4527df62a04c05e6f82297a7.php 第 2 行.
NOTIC: [8] Use of undefined constant goods_id - assumed 'goods_id' D:\WWW\demo\Application\Runtime\Cache\Mobile\1e5b965c4527df62a04c05e6f82297a7.php 第 8 行.
NOTIC: [8] Use of undefined constant goods_id - assumed 'goods_id' D:\WWW\demo\Application\Runtime\Cache\Mobile\1e5b965c4527df62a04c05e6f82297a7.php 第 11 行.
NOTIC: [8] Use of undefined constant goods_id - assumed 'goods_id' D:\WWW\demo\Application\Runtime\Cache\Mobile\1e5b965c4527df62a04c05e6f82297a7.php 第 2 行.
NOTIC: [8] Use of undefined constant goods_id - assumed 'goods_id' D:\WWW\demo\Application\Runtime\Cache\Mobile\1e5b965c4527df62a04c05e6f82297a7.php 第 8 行.
NOTIC: [8] Use of undefined constant goods_id - assumed 'goods_id' D:\WWW\demo\Application\Runtime\Cache\Mobile\1e5b965c4527df62a04c05e6f82297a7.php 第 11 行.
INFO: Run Behavior\ParseTemplateBehavior [ RunTime:0.008000s ]
INFO: [ view_parse ] --END-- [ RunTime:0.008000s ]
INFO: [ view_filter ] --START--
INFO: Run Behavior\WriteHtmlCacheBehavior [ RunTime:0.000000s ]
INFO: Run Behavior\TokenBuildBehavior [ RunTime:0.001001s ]
INFO: [ view_filter ] --END-- [ RunTime:0.001001s ]
INFO: [ app_end ] --START--
INFO: Run Behavior\ShowPageTraceBehavior [ RunTime:0.001000s ]
INFO: [ app_end ] --END-- [ RunTime:0.001000s ]

[ 2017-09-09T09:42:46+08:00 ] 127.0.0.1 /index.php/Mobile/Index/brand.html
INFO: [ app_init ] --START--
INFO: Run Behavior\BuildLiteBehavior [ RunTime:0.000000s ]
INFO: [ app_init ] --END-- [ RunTime:0.000000s ]
INFO: [ app_begin ] --START--
INFO: Run Behavior\ReadHtmlCacheBehavior [ RunTime:0.000000s ]
INFO: [ app_begin ] --END-- [ RunTime:0.000000s ]
INFO: [ view_begin ] --START--
INFO: Run Home\Behaviors\testBehavior [ RunTime:0.000000s ]
INFO: [ view_begin ] --END-- [ RunTime:0.000000s ]
INFO: [ view_parse ] --START--
INFO: [ template_filter ] --START--
INFO: Run Behavior\ContentReplaceBehavior [ RunTime:0.000000s ]
INFO: [ template_filter ] --END-- [ RunTime:0.000000s ]
NOTIC: [8] Undefined variable: bl D:\WWW\demo\Application\Runtime\Cache\Mobile\b350c6a89b26b131856d7933e4a526c8.php 第 59 行.
NOTIC: [8] Undefined variable: bl D:\WWW\demo\Application\Runtime\Cache\Mobile\b350c6a89b26b131856d7933e4a526c8.php 第 60 行.
NOTIC: [8] Undefined variable: bl D:\WWW\demo\Application\Runtime\Cache\Mobile\b350c6a89b26b131856d7933e4a526c8.php 第 60 行.
NOTIC: [8] Undefined variable: signPackage D:\WWW\demo\Application\Runtime\Cache\Mobile\b350c6a89b26b131856d7933e4a526c8.php 第 120 行.
INFO: Run Behavior\ParseTemplateBehavior [ RunTime:0.015600s ]
INFO: [ view_parse ] --END-- [ RunTime:0.015600s ]
INFO: [ view_filter ] --START--
INFO: Run Behavior\WriteHtmlCacheBehavior [ RunTime:0.000000s ]
INFO: Run Behavior\TokenBuildBehavior [ RunTime:0.000000s ]
INFO: [ view_filter ] --END-- [ RunTime:0.000000s ]
INFO: [ app_end ] --START--
INFO: Run Behavior\ShowPageTraceBehavior [ RunTime:0.000000s ]
INFO: [ app_end ] --END-- [ RunTime:0.000000s ]

[ 2017-09-09T09:42:52+08:00 ] 127.0.0.1 /index.php/Mobile/Index/brand.html
INFO: [ app_init ] --START--
INFO: Run Behavior\BuildLiteBehavior [ RunTime:0.000000s ]
INFO: [ app_init ] --END-- [ RunTime:0.000000s ]
INFO: [ app_begin ] --START--
INFO: Run Behavior\ReadHtmlCacheBehavior [ RunTime:0.001000s ]
INFO: [ app_begin ] --END-- [ RunTime:0.001000s ]
INFO: [ view_begin ] --START--
INFO: Run Home\Behaviors\testBehavior [ RunTime:0.001000s ]
INFO: [ view_begin ] --END-- [ RunTime:0.001000s ]
INFO: [ view_parse ] --START--
INFO: [ template_filter ] --START--
INFO: Run Behavior\ContentReplaceBehavior [ RunTime:0.001000s ]
INFO: [ template_filter ] --END-- [ RunTime:0.001000s ]
NOTIC: [8] Undefined variable: bl D:\WWW\demo\Application\Runtime\Cache\Mobile\b350c6a89b26b131856d7933e4a526c8.php 第 59 行.
NOTIC: [8] Undefined variable: bl D:\WWW\demo\Application\Runtime\Cache\Mobile\b350c6a89b26b131856d7933e4a526c8.php 第 60 行.
NOTIC: [8] Undefined variable: bl D:\WWW\demo\Application\Runtime\Cache\Mobile\b350c6a89b26b131856d7933e4a526c8.php 第 60 行.
NOTIC: [8] Undefined variable: signPackage D:\WWW\demo\Application\Runtime\Cache\Mobile\b350c6a89b26b131856d7933e4a526c8.php 第 120 行.
INFO: Run Behavior\ParseTemplateBehavior [ RunTime:0.015001s ]
INFO: [ view_parse ] --END-- [ RunTime:0.015001s ]
INFO: [ view_filter ] --START--
INFO: Run Behavior\WriteHtmlCacheBehavior [ RunTime:0.001000s ]
INFO: Run Behavior\TokenBuildBehavior [ RunTime:0.002000s ]
INFO: [ view_filter ] --END-- [ RunTime:0.003000s ]
INFO: [ app_end ] --START--
INFO: Run Behavior\ShowPageTraceBehavior [ RunTime:0.001000s ]
INFO: [ app_end ] --END-- [ RunTime:0.001000s ]

