[ 2019-01-04T12:37:13+08:00 ] 127.0.0.1 /index.php/Mobile/Index/index.html
INFO: [ app_init ] --START--
INFO: Run Behavior\BuildLiteBehavior [ RunTime:0.000000s ]
INFO: [ app_init ] --END-- [ RunTime:0.002000s ]
INFO: [ app_begin ] --START--
INFO: Run Behavior\ReadHtmlCacheBehavior [ RunTime:0.002000s ]
INFO: [ app_begin ] --END-- [ RunTime:0.002000s ]
SQL: SHOW COLUMNS FROM `ty_wx_user` [ RunTime:0.0300s ]
SQL: SELECT * FROM `ty_wx_user` LIMIT 1   [ RunTime:0.0000s ]
NOTIC: [8] Undefined index: openid D:\php\PHPTutorial\www\shop\Application\Mobile\Controller\MobileBaseController.class.php 第 89 行.

[ 2019-01-04T13:32:19+08:00 ] 127.0.0.1 /index.php/Mobile/Index/index.html
INFO: [ app_init ] --START--
INFO: Run Behavior\BuildLiteBehavior [ RunTime:0.000000s ]
INFO: [ app_init ] --END-- [ RunTime:0.001000s ]
INFO: [ app_begin ] --START--
INFO: Run Behavior\ReadHtmlCacheBehavior [ RunTime:0.002000s ]
INFO: [ app_begin ] --END-- [ RunTime:0.002000s ]
SQL: SHOW COLUMNS FROM `ty_wx_user` [ RunTime:0.0170s ]
SQL: SELECT * FROM `ty_wx_user` LIMIT 1   [ RunTime:0.0010s ]
NOTIC: [8] Undefined index: openid D:\php\PHPTutorial\www\shop\Application\Mobile\Controller\MobileBaseController.class.php 第 89 行.

[ 2019-01-04T13:46:09+08:00 ] 127.0.0.1 /index.php/Mobile/Index/index.html
INFO: [ app_init ] --START--
INFO: Run Behavior\BuildLiteBehavior [ RunTime:0.000000s ]
INFO: [ app_init ] --END-- [ RunTime:0.002000s ]
INFO: [ app_begin ] --START--
INFO: Run Behavior\ReadHtmlCacheBehavior [ RunTime:0.001000s ]
INFO: [ app_begin ] --END-- [ RunTime:0.001000s ]
SQL: SHOW COLUMNS FROM `ty_wx_user` [ RunTime:0.0220s ]
SQL: SELECT * FROM `ty_wx_user` LIMIT 1   [ RunTime:0.0000s ]
NOTIC: [8] Undefined index: openid D:\php\PHPTutorial\www\shop\Application\Mobile\Controller\MobileBaseController.class.php 第 89 行.

[ 2019-01-04T14:19:16+08:00 ] 127.0.0.1 /index.php/Mobile/Index/index.html
INFO: [ app_init ] --START--
INFO: Run Behavior\BuildLiteBehavior [ RunTime:0.000000s ]
INFO: [ app_init ] --END-- [ RunTime:0.001000s ]
INFO: [ app_begin ] --START--
INFO: Run Behavior\ReadHtmlCacheBehavior [ RunTime:0.002000s ]
INFO: [ app_begin ] --END-- [ RunTime:0.002000s ]
SQL: SHOW COLUMNS FROM `ty_wx_user` [ RunTime:0.0150s ]
SQL: SELECT * FROM `ty_wx_user` LIMIT 1   [ RunTime:0.0010s ]
NOTIC: [8] Undefined index: openid D:\php\PHPTutorial\www\shop\Application\Mobile\Controller\MobileBaseController.class.php 第 89 行.

[ 2019-01-04T14:21:28+08:00 ] 127.0.0.1 /index.php/Mobile/Index/index.html
INFO: [ app_init ] --START--
INFO: Run Behavior\BuildLiteBehavior [ RunTime:0.000000s ]
INFO: [ app_init ] --END-- [ RunTime:0.001000s ]
INFO: [ app_begin ] --START--
INFO: Run Behavior\ReadHtmlCacheBehavior [ RunTime:0.001000s ]
INFO: [ app_begin ] --END-- [ RunTime:0.001000s ]
SQL: SHOW COLUMNS FROM `ty_wx_user` [ RunTime:0.0130s ]
SQL: SELECT * FROM `ty_wx_user` LIMIT 1   [ RunTime:0.0010s ]
NOTIC: [8] Undefined index: openid D:\php\PHPTutorial\www\shop\Application\Mobile\Controller\MobileBaseController.class.php 第 89 行.

[ 2019-01-04T14:21:40+08:00 ] 127.0.0.1 /index.php/Mobile/Index/index.html
INFO: [ app_init ] --START--
INFO: Run Behavior\BuildLiteBehavior [ RunTime:0.000000s ]
INFO: [ app_init ] --END-- [ RunTime:0.001000s ]
INFO: [ app_begin ] --START--
INFO: Run Behavior\ReadHtmlCacheBehavior [ RunTime:0.001000s ]
INFO: [ app_begin ] --END-- [ RunTime:0.001000s ]
SQL: SHOW COLUMNS FROM `ty_wx_user` [ RunTime:0.0140s ]
SQL: SELECT * FROM `ty_wx_user` LIMIT 1   [ RunTime:0.0000s ]
NOTIC: [8] Undefined index: openid D:\php\PHPTutorial\www\shop\Application\Mobile\Controller\MobileBaseController.class.php 第 89 行.

[ 2019-01-04T14:22:06+08:00 ] 127.0.0.1 /index.php/Mobile/Index/index.html
INFO: [ app_init ] --START--
INFO: Run Behavior\BuildLiteBehavior [ RunTime:0.000000s ]
INFO: [ app_init ] --END-- [ RunTime:0.001000s ]
INFO: [ app_begin ] --START--
INFO: Run Behavior\ReadHtmlCacheBehavior [ RunTime:0.002000s ]
INFO: [ app_begin ] --END-- [ RunTime:0.002000s ]
SQL: SHOW COLUMNS FROM `ty_wx_user` [ RunTime:0.0140s ]
SQL: SELECT * FROM `ty_wx_user` LIMIT 1   [ RunTime:0.0000s ]
NOTIC: [8] Undefined index: openid D:\php\PHPTutorial\www\shop\Application\Mobile\Controller\MobileBaseController.class.php 第 89 行.

[ 2019-01-04T14:23:28+08:00 ] 127.0.0.1 /index.php/Mobile/Index/index.html
INFO: [ app_init ] --START--
INFO: Run Behavior\BuildLiteBehavior [ RunTime:0.000000s ]
INFO: [ app_init ] --END-- [ RunTime:0.001000s ]
INFO: [ app_begin ] --START--
INFO: Run Behavior\ReadHtmlCacheBehavior [ RunTime:0.002000s ]
INFO: [ app_begin ] --END-- [ RunTime:0.002000s ]
SQL: SHOW COLUMNS FROM `ty_wx_user` [ RunTime:0.0150s ]
SQL: SELECT * FROM `ty_wx_user` LIMIT 1   [ RunTime:0.0000s ]
NOTIC: [8] Undefined index: openid D:\php\PHPTutorial\www\shop\Application\Mobile\Controller\MobileBaseController.class.php 第 89 行.

[ 2019-01-04T14:26:29+08:00 ] 127.0.0.1 /index.php/Mobile/Index/index.html
INFO: [ app_init ] --START--
INFO: Run Behavior\BuildLiteBehavior [ RunTime:0.000000s ]
INFO: [ app_init ] --END-- [ RunTime:0.001000s ]
INFO: [ app_begin ] --START--
INFO: Run Behavior\ReadHtmlCacheBehavior [ RunTime:0.001000s ]
INFO: [ app_begin ] --END-- [ RunTime:0.001000s ]
SQL: SHOW COLUMNS FROM `ty_wx_user` [ RunTime:0.0140s ]
SQL: SELECT * FROM `ty_wx_user` LIMIT 1   [ RunTime:0.0010s ]
NOTIC: [8] Undefined index: openid D:\php\PHPTutorial\www\shop\Application\Mobile\Controller\MobileBaseController.class.php 第 89 行.

[ 2019-01-04T14:53:12+08:00 ] 127.0.0.1 /index.php/Mobile/Index/index.html
INFO: [ app_init ] --START--
INFO: Run Behavior\BuildLiteBehavior [ RunTime:0.000000s ]
INFO: [ app_init ] --END-- [ RunTime:0.002000s ]
INFO: [ app_begin ] --START--
INFO: Run Behavior\ReadHtmlCacheBehavior [ RunTime:0.002000s ]
INFO: [ app_begin ] --END-- [ RunTime:0.002000s ]
SQL: SHOW COLUMNS FROM `ty_wx_user` [ RunTime:0.0150s ]
SQL: SELECT * FROM `ty_wx_user` LIMIT 1   [ RunTime:0.0000s ]
NOTIC: [8] Undefined index: openid D:\php\PHPTutorial\www\shop\Application\Mobile\Controller\MobileBaseController.class.php 第 89 行.

[ 2019-01-04T14:53:18+08:00 ] 127.0.0.1 /index.php/Mobile/Index/index.html
INFO: [ app_init ] --START--
INFO: Run Behavior\BuildLiteBehavior [ RunTime:0.000000s ]
INFO: [ app_init ] --END-- [ RunTime:0.002000s ]
INFO: [ app_begin ] --START--
INFO: Run Behavior\ReadHtmlCacheBehavior [ RunTime:0.002000s ]
INFO: [ app_begin ] --END-- [ RunTime:0.002000s ]
SQL: SHOW COLUMNS FROM `ty_wx_user` [ RunTime:0.0130s ]
SQL: SELECT * FROM `ty_wx_user` LIMIT 1   [ RunTime:0.0010s ]
NOTIC: [8] Undefined index: openid D:\php\PHPTutorial\www\shop\Application\Mobile\Controller\MobileBaseController.class.php 第 89 行.

[ 2019-01-04T14:54:43+08:00 ] 127.0.0.1 /index.php/Mobile/Index/index.html
INFO: [ app_init ] --START--
INFO: Run Behavior\BuildLiteBehavior [ RunTime:0.000000s ]
INFO: [ app_init ] --END-- [ RunTime:0.001000s ]
INFO: [ app_begin ] --START--
INFO: Run Behavior\ReadHtmlCacheBehavior [ RunTime:0.001000s ]
INFO: [ app_begin ] --END-- [ RunTime:0.001000s ]
SQL: SHOW COLUMNS FROM `ty_wx_user` [ RunTime:0.0140s ]
SQL: SELECT * FROM `ty_wx_user` LIMIT 1   [ RunTime:0.0000s ]
NOTIC: [8] Undefined index: openid D:\php\PHPTutorial\www\shop\Application\Mobile\Controller\MobileBaseController.class.php 第 89 行.

[ 2019-01-04T14:54:51+08:00 ] 127.0.0.1 /index.php/Mobile/Index/index.html
INFO: [ app_init ] --START--
INFO: Run Behavior\BuildLiteBehavior [ RunTime:0.000000s ]
INFO: [ app_init ] --END-- [ RunTime:0.001000s ]
INFO: [ app_begin ] --START--
INFO: Run Behavior\ReadHtmlCacheBehavior [ RunTime:0.002000s ]
INFO: [ app_begin ] --END-- [ RunTime:0.002000s ]
SQL: SHOW COLUMNS FROM `ty_wx_user` [ RunTime:0.0130s ]
SQL: SELECT * FROM `ty_wx_user` LIMIT 1   [ RunTime:0.0000s ]
NOTIC: [8] Undefined index: openid D:\php\PHPTutorial\www\shop\Application\Mobile\Controller\MobileBaseController.class.php 第 89 行.

[ 2019-01-04T14:55:15+08:00 ] 127.0.0.1 /index.php/Mobile/Index/index.html
INFO: [ app_init ] --START--
INFO: Run Behavior\BuildLiteBehavior [ RunTime:0.000000s ]
INFO: [ app_init ] --END-- [ RunTime:0.002000s ]
INFO: [ app_begin ] --START--
INFO: Run Behavior\ReadHtmlCacheBehavior [ RunTime:0.002000s ]
INFO: [ app_begin ] --END-- [ RunTime:0.002000s ]
SQL: SHOW COLUMNS FROM `ty_wx_user` [ RunTime:0.0130s ]
SQL: SELECT * FROM `ty_wx_user` LIMIT 1   [ RunTime:0.0000s ]
NOTIC: [8] Undefined index: openid D:\php\PHPTutorial\www\shop\Application\Mobile\Controller\MobileBaseController.class.php 第 89 行.

[ 2019-01-04T14:55:58+08:00 ] 127.0.0.1 /index.php/Mobile/Index/index.html
INFO: [ app_init ] --START--
INFO: Run Behavior\BuildLiteBehavior [ RunTime:0.000000s ]
INFO: [ app_init ] --END-- [ RunTime:0.001000s ]
INFO: [ app_begin ] --START--
INFO: Run Behavior\ReadHtmlCacheBehavior [ RunTime:0.001000s ]
INFO: [ app_begin ] --END-- [ RunTime:0.001000s ]
SQL: SHOW COLUMNS FROM `ty_wx_user` [ RunTime:0.0130s ]
SQL: SELECT * FROM `ty_wx_user` LIMIT 1   [ RunTime:0.0010s ]
NOTIC: [8] Undefined index: openid D:\php\PHPTutorial\www\shop\Application\Mobile\Controller\MobileBaseController.class.php 第 89 行.

[ 2019-01-04T14:56:37+08:00 ] 127.0.0.1 /index.php/Mobile/Index/index.html
INFO: [ app_init ] --START--
INFO: Run Behavior\BuildLiteBehavior [ RunTime:0.000000s ]
INFO: [ app_init ] --END-- [ RunTime:0.001000s ]
INFO: [ app_begin ] --START--
INFO: Run Behavior\ReadHtmlCacheBehavior [ RunTime:0.002000s ]
INFO: [ app_begin ] --END-- [ RunTime:0.002000s ]
SQL: SHOW COLUMNS FROM `ty_wx_user` [ RunTime:0.0150s ]
SQL: SELECT * FROM `ty_wx_user` LIMIT 1   [ RunTime:0.0010s ]
NOTIC: [8] Undefined index: openid D:\php\PHPTutorial\www\shop\Application\Mobile\Controller\MobileBaseController.class.php 第 89 行.

[ 2019-01-04T14:57:03+08:00 ] 127.0.0.1 /index.php/Mobile/Index/index.html
INFO: [ app_init ] --START--
INFO: Run Behavior\BuildLiteBehavior [ RunTime:0.000000s ]
INFO: [ app_init ] --END-- [ RunTime:0.001000s ]
INFO: [ app_begin ] --START--
INFO: Run Behavior\ReadHtmlCacheBehavior [ RunTime:0.001000s ]
INFO: [ app_begin ] --END-- [ RunTime:0.001000s ]
SQL: SHOW COLUMNS FROM `ty_wx_user` [ RunTime:0.0130s ]
SQL: SELECT * FROM `ty_wx_user` LIMIT 1   [ RunTime:0.0000s ]
NOTIC: [8] Undefined index: openid D:\php\PHPTutorial\www\shop\Application\Mobile\Controller\MobileBaseController.class.php 第 89 行.

[ 2019-01-04T14:57:29+08:00 ] 127.0.0.1 /index.php/Mobile/Index/index.html
INFO: [ app_init ] --START--
INFO: Run Behavior\BuildLiteBehavior [ RunTime:0.000000s ]
INFO: [ app_init ] --END-- [ RunTime:0.001000s ]
INFO: [ app_begin ] --START--
INFO: Run Behavior\ReadHtmlCacheBehavior [ RunTime:0.001000s ]
INFO: [ app_begin ] --END-- [ RunTime:0.001000s ]
SQL: SHOW COLUMNS FROM `ty_wx_user` [ RunTime:0.0140s ]
SQL: SELECT * FROM `ty_wx_user` LIMIT 1   [ RunTime:0.0000s ]
NOTIC: [8] Undefined index: openid D:\php\PHPTutorial\www\shop\Application\Mobile\Controller\MobileBaseController.class.php 第 89 行.

[ 2019-01-04T15:00:15+08:00 ] 127.0.0.1 /index.php/Mobile/Index/index.html
INFO: [ app_init ] --START--
INFO: Run Behavior\BuildLiteBehavior [ RunTime:0.000000s ]
INFO: [ app_init ] --END-- [ RunTime:0.001000s ]
INFO: [ app_begin ] --START--
INFO: Run Behavior\ReadHtmlCacheBehavior [ RunTime:0.001000s ]
INFO: [ app_begin ] --END-- [ RunTime:0.001000s ]
SQL: SHOW COLUMNS FROM `ty_wx_user` [ RunTime:0.0130s ]
SQL: SELECT * FROM `ty_wx_user` LIMIT 1   [ RunTime:0.0010s ]
NOTIC: [8] Undefined index: openid D:\php\PHPTutorial\www\shop\Application\Mobile\Controller\MobileBaseController.class.php 第 89 行.

[ 2019-01-04T15:00:45+08:00 ] 127.0.0.1 /index.php/Mobile/Index/index.html
INFO: [ app_init ] --START--
INFO: Run Behavior\BuildLiteBehavior [ RunTime:0.000000s ]
INFO: [ app_init ] --END-- [ RunTime:0.001000s ]
INFO: [ app_begin ] --START--
INFO: Run Behavior\ReadHtmlCacheBehavior [ RunTime:0.002000s ]
INFO: [ app_begin ] --END-- [ RunTime:0.002000s ]
SQL: SHOW COLUMNS FROM `ty_wx_user` [ RunTime:0.0130s ]
SQL: SELECT * FROM `ty_wx_user` LIMIT 1   [ RunTime:0.0000s ]
NOTIC: [8] Undefined index: openid D:\php\PHPTutorial\www\shop\Application\Mobile\Controller\MobileBaseController.class.php 第 89 行.

[ 2019-01-04T15:01:00+08:00 ] 127.0.0.1 /index.php/Mobile/Index/index.html
INFO: [ app_init ] --START--
INFO: Run Behavior\BuildLiteBehavior [ RunTime:0.000000s ]
INFO: [ app_init ] --END-- [ RunTime:0.002000s ]
INFO: [ app_begin ] --START--
INFO: Run Behavior\ReadHtmlCacheBehavior [ RunTime:0.002000s ]
INFO: [ app_begin ] --END-- [ RunTime:0.002000s ]
SQL: SHOW COLUMNS FROM `ty_wx_user` [ RunTime:0.0130s ]
SQL: SELECT * FROM `ty_wx_user` LIMIT 1   [ RunTime:0.0000s ]
NOTIC: [8] Undefined index: openid D:\php\PHPTutorial\www\shop\Application\Mobile\Controller\MobileBaseController.class.php 第 89 行.

[ 2019-01-04T15:01:09+08:00 ] 127.0.0.1 /index.php/Mobile/Index/index.html
INFO: [ app_init ] --START--
INFO: Run Behavior\BuildLiteBehavior [ RunTime:0.000000s ]
INFO: [ app_init ] --END-- [ RunTime:0.001000s ]
INFO: [ app_begin ] --START--
INFO: Run Behavior\ReadHtmlCacheBehavior [ RunTime:0.001000s ]
INFO: [ app_begin ] --END-- [ RunTime:0.001000s ]
SQL: SHOW COLUMNS FROM `ty_wx_user` [ RunTime:0.0130s ]
SQL: SELECT * FROM `ty_wx_user` LIMIT 1   [ RunTime:0.0010s ]
NOTIC: [8] Undefined index: openid D:\php\PHPTutorial\www\shop\Application\Mobile\Controller\MobileBaseController.class.php 第 89 行.

[ 2019-01-04T15:01:17+08:00 ] 127.0.0.1 /index.php/Mobile/Index/index.html
INFO: [ app_init ] --START--
INFO: Run Behavior\BuildLiteBehavior [ RunTime:0.000000s ]
INFO: [ app_init ] --END-- [ RunTime:0.001000s ]
INFO: [ app_begin ] --START--
INFO: Run Behavior\ReadHtmlCacheBehavior [ RunTime:0.002000s ]
INFO: [ app_begin ] --END-- [ RunTime:0.002000s ]
SQL: SHOW COLUMNS FROM `ty_wx_user` [ RunTime:0.0120s ]
SQL: SELECT * FROM `ty_wx_user` LIMIT 1   [ RunTime:0.0000s ]
NOTIC: [8] Undefined index: openid D:\php\PHPTutorial\www\shop\Application\Mobile\Controller\MobileBaseController.class.php 第 89 行.

[ 2019-01-04T15:01:29+08:00 ] 127.0.0.1 /index.php/Mobile/Index/index.html
INFO: [ app_init ] --START--
INFO: Run Behavior\BuildLiteBehavior [ RunTime:0.000000s ]
INFO: [ app_init ] --END-- [ RunTime:0.001000s ]
INFO: [ app_begin ] --START--
INFO: Run Behavior\ReadHtmlCacheBehavior [ RunTime:0.001000s ]
INFO: [ app_begin ] --END-- [ RunTime:0.001000s ]
SQL: SHOW COLUMNS FROM `ty_wx_user` [ RunTime:0.0130s ]
SQL: SELECT * FROM `ty_wx_user` LIMIT 1   [ RunTime:0.0000s ]
NOTIC: [8] Undefined index: openid D:\php\PHPTutorial\www\shop\Application\Mobile\Controller\MobileBaseController.class.php 第 89 行.

[ 2019-01-04T15:01:56+08:00 ] 127.0.0.1 /index.php/Mobile/Index/index.html
INFO: [ app_init ] --START--
INFO: Run Behavior\BuildLiteBehavior [ RunTime:0.000000s ]
INFO: [ app_init ] --END-- [ RunTime:0.001000s ]
INFO: [ app_begin ] --START--
INFO: Run Behavior\ReadHtmlCacheBehavior [ RunTime:0.002000s ]
INFO: [ app_begin ] --END-- [ RunTime:0.002000s ]
SQL: SHOW COLUMNS FROM `ty_wx_user` [ RunTime:0.0130s ]
SQL: SELECT * FROM `ty_wx_user` LIMIT 1   [ RunTime:0.0010s ]
NOTIC: [8] Undefined index: openid D:\php\PHPTutorial\www\shop\Application\Mobile\Controller\MobileBaseController.class.php 第 89 行.

[ 2019-01-04T15:02:21+08:00 ] 127.0.0.1 /index.php/Mobile/Index/index.html
INFO: [ app_init ] --START--
INFO: Run Behavior\BuildLiteBehavior [ RunTime:0.000000s ]
INFO: [ app_init ] --END-- [ RunTime:0.002000s ]
INFO: [ app_begin ] --START--
INFO: Run Behavior\ReadHtmlCacheBehavior [ RunTime:0.002000s ]
INFO: [ app_begin ] --END-- [ RunTime:0.002000s ]
SQL: SHOW COLUMNS FROM `ty_wx_user` [ RunTime:0.0140s ]
SQL: SELECT * FROM `ty_wx_user` LIMIT 1   [ RunTime:0.0010s ]
NOTIC: [8] Undefined index: openid D:\php\PHPTutorial\www\shop\Application\Mobile\Controller\MobileBaseController.class.php 第 89 行.

[ 2019-01-04T15:02:30+08:00 ] 127.0.0.1 /index.php/Mobile/Index/index.html
INFO: [ app_init ] --START--
INFO: Run Behavior\BuildLiteBehavior [ RunTime:0.000000s ]
INFO: [ app_init ] --END-- [ RunTime:0.001000s ]
INFO: [ app_begin ] --START--
INFO: Run Behavior\ReadHtmlCacheBehavior [ RunTime:0.001000s ]
INFO: [ app_begin ] --END-- [ RunTime:0.001000s ]
SQL: SHOW COLUMNS FROM `ty_wx_user` [ RunTime:0.0120s ]
SQL: SELECT * FROM `ty_wx_user` LIMIT 1   [ RunTime:0.0000s ]
NOTIC: [8] Undefined index: openid D:\php\PHPTutorial\www\shop\Application\Mobile\Controller\MobileBaseController.class.php 第 89 行.

[ 2019-01-04T15:03:41+08:00 ] 127.0.0.1 /index.php/Mobile/Index/index.html
INFO: [ app_init ] --START--
INFO: Run Behavior\BuildLiteBehavior [ RunTime:0.000000s ]
INFO: [ app_init ] --END-- [ RunTime:0.001000s ]
INFO: [ app_begin ] --START--
INFO: Run Behavior\ReadHtmlCacheBehavior [ RunTime:0.002000s ]
INFO: [ app_begin ] --END-- [ RunTime:0.002000s ]
SQL: SHOW COLUMNS FROM `ty_wx_user` [ RunTime:0.0170s ]
SQL: SELECT * FROM `ty_wx_user` LIMIT 1   [ RunTime:0.0000s ]
NOTIC: [8] Undefined index: openid D:\php\PHPTutorial\www\shop\Application\Mobile\Controller\MobileBaseController.class.php 第 89 行.

[ 2019-01-04T15:04:21+08:00 ] 127.0.0.1 /index.php/Mobile/Index/index.html
INFO: [ app_init ] --START--
INFO: Run Behavior\BuildLiteBehavior [ RunTime:0.000000s ]
INFO: [ app_init ] --END-- [ RunTime:0.001000s ]
INFO: [ app_begin ] --START--
INFO: Run Behavior\ReadHtmlCacheBehavior [ RunTime:0.001000s ]
INFO: [ app_begin ] --END-- [ RunTime:0.001000s ]
SQL: SHOW COLUMNS FROM `ty_wx_user` [ RunTime:0.0120s ]
SQL: SELECT * FROM `ty_wx_user` LIMIT 1   [ RunTime:0.0010s ]
NOTIC: [8] Undefined index: openid D:\php\PHPTutorial\www\shop\Application\Mobile\Controller\MobileBaseController.class.php 第 89 行.

[ 2019-01-04T15:05:16+08:00 ] 127.0.0.1 /index.php/Mobile/Index/index.html
INFO: [ app_init ] --START--
INFO: Run Behavior\BuildLiteBehavior [ RunTime:0.000000s ]
INFO: [ app_init ] --END-- [ RunTime:0.001000s ]
INFO: [ app_begin ] --START--
INFO: Run Behavior\ReadHtmlCacheBehavior [ RunTime:0.001000s ]
INFO: [ app_begin ] --END-- [ RunTime:0.001000s ]
SQL: SHOW COLUMNS FROM `ty_wx_user` [ RunTime:0.0140s ]
SQL: SELECT * FROM `ty_wx_user` LIMIT 1   [ RunTime:0.0000s ]
NOTIC: [8] Undefined index: openid D:\php\PHPTutorial\www\shop\Application\Mobile\Controller\MobileBaseController.class.php 第 89 行.

[ 2019-01-04T15:05:33+08:00 ] 127.0.0.1 /index.php/Mobile/Index/index.html
INFO: [ app_init ] --START--
INFO: Run Behavior\BuildLiteBehavior [ RunTime:0.000000s ]
INFO: [ app_init ] --END-- [ RunTime:0.001000s ]
INFO: [ app_begin ] --START--
INFO: Run Behavior\ReadHtmlCacheBehavior [ RunTime:0.001000s ]
INFO: [ app_begin ] --END-- [ RunTime:0.001000s ]
SQL: SHOW COLUMNS FROM `ty_wx_user` [ RunTime:0.0120s ]
SQL: SELECT * FROM `ty_wx_user` LIMIT 1   [ RunTime:0.0010s ]
NOTIC: [8] Undefined index: openid D:\php\PHPTutorial\www\shop\Application\Mobile\Controller\MobileBaseController.class.php 第 89 行.

[ 2019-01-04T15:06:12+08:00 ] 127.0.0.1 /index.php/Mobile/Index/index.html
INFO: [ app_init ] --START--
INFO: Run Behavior\BuildLiteBehavior [ RunTime:0.000000s ]
INFO: [ app_init ] --END-- [ RunTime:0.001000s ]
INFO: [ app_begin ] --START--
INFO: Run Behavior\ReadHtmlCacheBehavior [ RunTime:0.002000s ]
INFO: [ app_begin ] --END-- [ RunTime:0.002000s ]
SQL: SHOW COLUMNS FROM `ty_wx_user` [ RunTime:0.0120s ]
SQL: SELECT * FROM `ty_wx_user` LIMIT 1   [ RunTime:0.0010s ]
NOTIC: [8] Undefined index: openid D:\php\PHPTutorial\www\shop\Application\Mobile\Controller\MobileBaseController.class.php 第 89 行.

[ 2019-01-04T15:06:24+08:00 ] 127.0.0.1 /index.php/Mobile/Index/index.html
INFO: [ app_init ] --START--
INFO: Run Behavior\BuildLiteBehavior [ RunTime:0.000000s ]
INFO: [ app_init ] --END-- [ RunTime:0.001000s ]
INFO: [ app_begin ] --START--
INFO: Run Behavior\ReadHtmlCacheBehavior [ RunTime:0.001000s ]
INFO: [ app_begin ] --END-- [ RunTime:0.001000s ]
SQL: SHOW COLUMNS FROM `ty_wx_user` [ RunTime:0.0120s ]
SQL: SELECT * FROM `ty_wx_user` LIMIT 1   [ RunTime:0.0000s ]
NOTIC: [8] Undefined index: openid D:\php\PHPTutorial\www\shop\Application\Mobile\Controller\MobileBaseController.class.php 第 89 行.

[ 2019-01-04T15:06:30+08:00 ] 127.0.0.1 /index.php/Mobile/Index/index.html
INFO: [ app_init ] --START--
INFO: Run Behavior\BuildLiteBehavior [ RunTime:0.000000s ]
INFO: [ app_init ] --END-- [ RunTime:0.001000s ]
INFO: [ app_begin ] --START--
INFO: Run Behavior\ReadHtmlCacheBehavior [ RunTime:0.001000s ]
INFO: [ app_begin ] --END-- [ RunTime:0.001000s ]
SQL: SHOW COLUMNS FROM `ty_wx_user` [ RunTime:0.0130s ]
SQL: SELECT * FROM `ty_wx_user` LIMIT 1   [ RunTime:0.0000s ]
NOTIC: [8] Undefined index: openid D:\php\PHPTutorial\www\shop\Application\Mobile\Controller\MobileBaseController.class.php 第 89 行.

[ 2019-01-04T15:06:39+08:00 ] 127.0.0.1 /index.php/Mobile/Index/index.html
INFO: [ app_init ] --START--
INFO: Run Behavior\BuildLiteBehavior [ RunTime:0.000000s ]
INFO: [ app_init ] --END-- [ RunTime:0.001000s ]
INFO: [ app_begin ] --START--
INFO: Run Behavior\ReadHtmlCacheBehavior [ RunTime:0.001000s ]
INFO: [ app_begin ] --END-- [ RunTime:0.001000s ]
SQL: SHOW COLUMNS FROM `ty_wx_user` [ RunTime:0.0130s ]
SQL: SELECT * FROM `ty_wx_user` LIMIT 1   [ RunTime:0.0010s ]
NOTIC: [8] Undefined index: openid D:\php\PHPTutorial\www\shop\Application\Mobile\Controller\MobileBaseController.class.php 第 89 行.

[ 2019-01-04T15:06:50+08:00 ] 127.0.0.1 /index.php/Mobile/Index/index.html
INFO: [ app_init ] --START--
INFO: Run Behavior\BuildLiteBehavior [ RunTime:0.000000s ]
INFO: [ app_init ] --END-- [ RunTime:0.001000s ]
INFO: [ app_begin ] --START--
INFO: Run Behavior\ReadHtmlCacheBehavior [ RunTime:0.001000s ]
INFO: [ app_begin ] --END-- [ RunTime:0.001000s ]
SQL: SHOW COLUMNS FROM `ty_wx_user` [ RunTime:0.0130s ]
SQL: SELECT * FROM `ty_wx_user` LIMIT 1   [ RunTime:0.0010s ]
NOTIC: [8] Undefined index: openid D:\php\PHPTutorial\www\shop\Application\Mobile\Controller\MobileBaseController.class.php 第 89 行.

[ 2019-01-04T15:07:22+08:00 ] 127.0.0.1 /index.php/Mobile/Index/index.html
INFO: [ app_init ] --START--
INFO: Run Behavior\BuildLiteBehavior [ RunTime:0.000000s ]
INFO: [ app_init ] --END-- [ RunTime:0.002000s ]
INFO: [ app_begin ] --START--
INFO: Run Behavior\ReadHtmlCacheBehavior [ RunTime:0.002000s ]
INFO: [ app_begin ] --END-- [ RunTime:0.002000s ]
SQL: SHOW COLUMNS FROM `ty_wx_user` [ RunTime:0.0130s ]
SQL: SELECT * FROM `ty_wx_user` LIMIT 1   [ RunTime:0.0000s ]
NOTIC: [8] Undefined index: openid D:\php\PHPTutorial\www\shop\Application\Mobile\Controller\MobileBaseController.class.php 第 89 行.

[ 2019-01-04T15:10:00+08:00 ] 127.0.0.1 /index.php/Mobile/Index/index.html
INFO: [ app_init ] --START--
INFO: Run Behavior\BuildLiteBehavior [ RunTime:0.000000s ]
INFO: [ app_init ] --END-- [ RunTime:0.001000s ]
INFO: [ app_begin ] --START--
INFO: Run Behavior\ReadHtmlCacheBehavior [ RunTime:0.001000s ]
INFO: [ app_begin ] --END-- [ RunTime:0.001000s ]
SQL: SHOW COLUMNS FROM `ty_wx_user` [ RunTime:0.0130s ]
SQL: SELECT * FROM `ty_wx_user` LIMIT 1   [ RunTime:0.0000s ]
NOTIC: [8] Undefined index: openid D:\php\PHPTutorial\www\shop\Application\Mobile\Controller\MobileBaseController.class.php 第 89 行.

[ 2019-01-04T15:12:12+08:00 ] 127.0.0.1 /index.php/Mobile/Index/index.html
INFO: [ app_init ] --START--
INFO: Run Behavior\BuildLiteBehavior [ RunTime:0.000000s ]
INFO: [ app_init ] --END-- [ RunTime:0.001000s ]
INFO: [ app_begin ] --START--
INFO: Run Behavior\ReadHtmlCacheBehavior [ RunTime:0.001000s ]
INFO: [ app_begin ] --END-- [ RunTime:0.001000s ]
SQL: SHOW COLUMNS FROM `ty_wx_user` [ RunTime:0.0130s ]
SQL: SELECT * FROM `ty_wx_user` LIMIT 1   [ RunTime:0.0010s ]
NOTIC: [8] Undefined index: openid D:\php\PHPTutorial\www\shop\Application\Mobile\Controller\MobileBaseController.class.php 第 89 行.

[ 2019-01-04T15:12:45+08:00 ] 127.0.0.1 /index.php/Mobile/Index/index.html
INFO: [ app_init ] --START--
INFO: Run Behavior\BuildLiteBehavior [ RunTime:0.000000s ]
INFO: [ app_init ] --END-- [ RunTime:0.001000s ]
INFO: [ app_begin ] --START--
INFO: Run Behavior\ReadHtmlCacheBehavior [ RunTime:0.002000s ]
INFO: [ app_begin ] --END-- [ RunTime:0.002000s ]
SQL: SHOW COLUMNS FROM `ty_wx_user` [ RunTime:0.0140s ]
SQL: SELECT * FROM `ty_wx_user` LIMIT 1   [ RunTime:0.0010s ]
NOTIC: [8] Undefined index: openid D:\php\PHPTutorial\www\shop\Application\Mobile\Controller\MobileBaseController.class.php 第 89 行.

[ 2019-01-04T15:12:59+08:00 ] 127.0.0.1 /index.php/Mobile/Index/index.html
INFO: [ app_init ] --START--
INFO: Run Behavior\BuildLiteBehavior [ RunTime:0.000000s ]
INFO: [ app_init ] --END-- [ RunTime:0.002000s ]
INFO: [ app_begin ] --START--
INFO: Run Behavior\ReadHtmlCacheBehavior [ RunTime:0.002000s ]
INFO: [ app_begin ] --END-- [ RunTime:0.002000s ]
SQL: SHOW COLUMNS FROM `ty_wx_user` [ RunTime:0.0130s ]
SQL: SELECT * FROM `ty_wx_user` LIMIT 1   [ RunTime:0.0000s ]
NOTIC: [8] Undefined index: openid D:\php\PHPTutorial\www\shop\Application\Mobile\Controller\MobileBaseController.class.php 第 89 行.

[ 2019-01-04T15:13:09+08:00 ] 127.0.0.1 /index.php/Mobile/Index/index.html
INFO: [ app_init ] --START--
INFO: Run Behavior\BuildLiteBehavior [ RunTime:0.000000s ]
INFO: [ app_init ] --END-- [ RunTime:0.001000s ]
INFO: [ app_begin ] --START--
INFO: Run Behavior\ReadHtmlCacheBehavior [ RunTime:0.001000s ]
INFO: [ app_begin ] --END-- [ RunTime:0.001000s ]
SQL: SHOW COLUMNS FROM `ty_wx_user` [ RunTime:0.0140s ]
SQL: SELECT * FROM `ty_wx_user` LIMIT 1   [ RunTime:0.0000s ]
NOTIC: [8] Undefined index: openid D:\php\PHPTutorial\www\shop\Application\Mobile\Controller\MobileBaseController.class.php 第 89 行.

[ 2019-01-04T15:13:32+08:00 ] 127.0.0.1 /index.php/Mobile/Index/index.html
INFO: [ app_init ] --START--
INFO: Run Behavior\BuildLiteBehavior [ RunTime:0.000000s ]
INFO: [ app_init ] --END-- [ RunTime:0.002000s ]
INFO: [ app_begin ] --START--
INFO: Run Behavior\ReadHtmlCacheBehavior [ RunTime:0.002000s ]
INFO: [ app_begin ] --END-- [ RunTime:0.002000s ]
SQL: SHOW COLUMNS FROM `ty_wx_user` [ RunTime:0.0140s ]
SQL: SELECT * FROM `ty_wx_user` LIMIT 1   [ RunTime:0.0000s ]
NOTIC: [8] Undefined index: openid D:\php\PHPTutorial\www\shop\Application\Mobile\Controller\MobileBaseController.class.php 第 89 行.

[ 2019-01-04T15:14:50+08:00 ] 127.0.0.1 /index.php/Mobile/Index/index.html
INFO: [ app_init ] --START--
INFO: Run Behavior\BuildLiteBehavior [ RunTime:0.000000s ]
INFO: [ app_init ] --END-- [ RunTime:0.001000s ]
INFO: [ app_begin ] --START--
INFO: Run Behavior\ReadHtmlCacheBehavior [ RunTime:0.001000s ]
INFO: [ app_begin ] --END-- [ RunTime:0.001000s ]
SQL: SHOW COLUMNS FROM `ty_wx_user` [ RunTime:0.0120s ]
SQL: SELECT * FROM `ty_wx_user` LIMIT 1   [ RunTime:0.0000s ]
NOTIC: [8] Undefined index: openid D:\php\PHPTutorial\www\shop\Application\Mobile\Controller\MobileBaseController.class.php 第 89 行.

[ 2019-01-04T15:15:36+08:00 ] 127.0.0.1 /index.php/Mobile/Index/index.html
INFO: [ app_init ] --START--
INFO: Run Behavior\BuildLiteBehavior [ RunTime:0.000000s ]
INFO: [ app_init ] --END-- [ RunTime:0.001000s ]
INFO: [ app_begin ] --START--
INFO: Run Behavior\ReadHtmlCacheBehavior [ RunTime:0.001000s ]
INFO: [ app_begin ] --END-- [ RunTime:0.002000s ]
SQL: SHOW COLUMNS FROM `ty_wx_user` [ RunTime:0.0150s ]
SQL: SELECT * FROM `ty_wx_user` LIMIT 1   [ RunTime:0.0000s ]
NOTIC: [8] Undefined index: openid D:\php\PHPTutorial\www\shop\Application\Mobile\Controller\MobileBaseController.class.php 第 89 行.

[ 2019-01-04T15:21:10+08:00 ] 127.0.0.1 /index.php/Mobile/Index/index.html
INFO: [ app_init ] --START--
INFO: Run Behavior\BuildLiteBehavior [ RunTime:0.000000s ]
INFO: [ app_init ] --END-- [ RunTime:0.002000s ]
INFO: [ app_begin ] --START--
INFO: Run Behavior\ReadHtmlCacheBehavior [ RunTime:0.002000s ]
INFO: [ app_begin ] --END-- [ RunTime:0.002000s ]
SQL: SHOW COLUMNS FROM `ty_wx_user` [ RunTime:0.0140s ]
SQL: SELECT * FROM `ty_wx_user` LIMIT 1   [ RunTime:0.0000s ]
NOTIC: [8] Undefined index: openid D:\php\PHPTutorial\www\shop\Application\Mobile\Controller\MobileBaseController.class.php 第 89 行.

[ 2019-01-04T15:24:08+08:00 ] 127.0.0.1 /index.php/Mobile/Index/index.html
INFO: [ app_init ] --START--
INFO: Run Behavior\BuildLiteBehavior [ RunTime:0.000000s ]
INFO: [ app_init ] --END-- [ RunTime:0.002000s ]
INFO: [ app_begin ] --START--
INFO: Run Behavior\ReadHtmlCacheBehavior [ RunTime:0.002000s ]
INFO: [ app_begin ] --END-- [ RunTime:0.002000s ]
SQL: SHOW COLUMNS FROM `ty_wx_user` [ RunTime:0.0120s ]
SQL: SELECT * FROM `ty_wx_user` LIMIT 1   [ RunTime:0.0010s ]
NOTIC: [8] Undefined index: openid D:\php\PHPTutorial\www\shop\Application\Mobile\Controller\MobileBaseController.class.php 第 89 行.

[ 2019-01-04T15:24:34+08:00 ] 127.0.0.1 /index.php/Mobile/Index/index.html
INFO: [ app_init ] --START--
INFO: Run Behavior\BuildLiteBehavior [ RunTime:0.000000s ]
INFO: [ app_init ] --END-- [ RunTime:0.001000s ]
INFO: [ app_begin ] --START--
INFO: Run Behavior\ReadHtmlCacheBehavior [ RunTime:0.002000s ]
INFO: [ app_begin ] --END-- [ RunTime:0.002000s ]
SQL: SHOW COLUMNS FROM `ty_wx_user` [ RunTime:0.0140s ]
SQL: SELECT * FROM `ty_wx_user` LIMIT 1   [ RunTime:0.0000s ]
NOTIC: [8] Undefined index: openid D:\php\PHPTutorial\www\shop\Application\Mobile\Controller\MobileBaseController.class.php 第 89 行.

[ 2019-01-04T15:26:21+08:00 ] 127.0.0.1 /index.php/Mobile/Index/index.html
INFO: [ app_init ] --START--
INFO: Run Behavior\BuildLiteBehavior [ RunTime:0.000000s ]
INFO: [ app_init ] --END-- [ RunTime:0.001000s ]
INFO: [ app_begin ] --START--
INFO: Run Behavior\ReadHtmlCacheBehavior [ RunTime:0.001000s ]
INFO: [ app_begin ] --END-- [ RunTime:0.001000s ]
SQL: SHOW COLUMNS FROM `ty_wx_user` [ RunTime:0.0140s ]
SQL: SELECT * FROM `ty_wx_user` LIMIT 1   [ RunTime:0.0010s ]
NOTIC: [8] Undefined index: openid D:\php\PHPTutorial\www\shop\Application\Mobile\Controller\MobileBaseController.class.php 第 89 行.

[ 2019-01-04T15:30:12+08:00 ] 127.0.0.1 /index.php/Mobile/Index/index.html
INFO: [ app_init ] --START--
INFO: Run Behavior\BuildLiteBehavior [ RunTime:0.000000s ]
INFO: [ app_init ] --END-- [ RunTime:0.001000s ]
INFO: [ app_begin ] --START--
INFO: Run Behavior\ReadHtmlCacheBehavior [ RunTime:0.002000s ]
INFO: [ app_begin ] --END-- [ RunTime:0.002000s ]
SQL: SHOW COLUMNS FROM `ty_wx_user` [ RunTime:0.0130s ]
SQL: SELECT * FROM `ty_wx_user` LIMIT 1   [ RunTime:0.0000s ]
NOTIC: [8] Undefined index: openid D:\php\PHPTutorial\www\shop\Application\Mobile\Controller\MobileBaseController.class.php 第 89 行.

[ 2019-01-04T15:32:05+08:00 ] 127.0.0.1 /index.php/Mobile/Index/index.html
INFO: [ app_init ] --START--
INFO: Run Behavior\BuildLiteBehavior [ RunTime:0.000000s ]
INFO: [ app_init ] --END-- [ RunTime:0.001000s ]
INFO: [ app_begin ] --START--
INFO: Run Behavior\ReadHtmlCacheBehavior [ RunTime:0.001000s ]
INFO: [ app_begin ] --END-- [ RunTime:0.001000s ]
SQL: SHOW COLUMNS FROM `ty_wx_user` [ RunTime:0.0130s ]
SQL: SELECT * FROM `ty_wx_user` LIMIT 1   [ RunTime:0.0000s ]
NOTIC: [8] Undefined index: openid D:\php\PHPTutorial\www\shop\Application\Mobile\Controller\MobileBaseController.class.php 第 89 行.

[ 2019-01-04T15:39:26+08:00 ] 127.0.0.1 /index.php/Mobile/Index/index.html
INFO: [ app_init ] --START--
INFO: Run Behavior\BuildLiteBehavior [ RunTime:0.000000s ]
INFO: [ app_init ] --END-- [ RunTime:0.001000s ]
INFO: [ app_begin ] --START--
INFO: Run Behavior\ReadHtmlCacheBehavior [ RunTime:0.001000s ]
INFO: [ app_begin ] --END-- [ RunTime:0.001000s ]
SQL: SHOW COLUMNS FROM `ty_wx_user` [ RunTime:0.0130s ]
SQL: SELECT * FROM `ty_wx_user` LIMIT 1   [ RunTime:0.0010s ]
NOTIC: [8] Undefined index: openid D:\php\PHPTutorial\www\shop\Application\Mobile\Controller\MobileBaseController.class.php 第 89 行.

[ 2019-01-04T15:41:59+08:00 ] 127.0.0.1 /index.php/Mobile/Index/index.html
INFO: [ app_init ] --START--
INFO: Run Behavior\BuildLiteBehavior [ RunTime:0.000000s ]
INFO: [ app_init ] --END-- [ RunTime:0.001000s ]
INFO: [ app_begin ] --START--
INFO: Run Behavior\ReadHtmlCacheBehavior [ RunTime:0.001000s ]
INFO: [ app_begin ] --END-- [ RunTime:0.001000s ]
SQL: SHOW COLUMNS FROM `ty_wx_user` [ RunTime:0.0130s ]
SQL: SELECT * FROM `ty_wx_user` LIMIT 1   [ RunTime:0.0010s ]
NOTIC: [8] Undefined index: openid D:\php\PHPTutorial\www\shop\Application\Mobile\Controller\MobileBaseController.class.php 第 89 行.

[ 2019-01-04T15:53:02+08:00 ] 127.0.0.1 /index.php/Mobile/Index/index.html
INFO: [ app_init ] --START--
INFO: Run Behavior\BuildLiteBehavior [ RunTime:0.000000s ]
INFO: [ app_init ] --END-- [ RunTime:0.001000s ]
INFO: [ app_begin ] --START--
INFO: Run Behavior\ReadHtmlCacheBehavior [ RunTime:0.001000s ]
INFO: [ app_begin ] --END-- [ RunTime:0.001000s ]
SQL: SHOW COLUMNS FROM `ty_wx_user` [ RunTime:0.0150s ]
SQL: SELECT * FROM `ty_wx_user` LIMIT 1   [ RunTime:0.0000s ]
NOTIC: [8] Undefined index: openid D:\php\PHPTutorial\www\shop\Application\Mobile\Controller\MobileBaseController.class.php 第 89 行.

[ 2019-01-04T15:53:08+08:00 ] 127.0.0.1 /index.php/Mobile/Index/index.html
INFO: [ app_init ] --START--
INFO: Run Behavior\BuildLiteBehavior [ RunTime:0.000000s ]
INFO: [ app_init ] --END-- [ RunTime:0.001000s ]
INFO: [ app_begin ] --START--
INFO: Run Behavior\ReadHtmlCacheBehavior [ RunTime:0.002000s ]
INFO: [ app_begin ] --END-- [ RunTime:0.002000s ]
SQL: SHOW COLUMNS FROM `ty_wx_user` [ RunTime:0.0140s ]
SQL: SELECT * FROM `ty_wx_user` LIMIT 1   [ RunTime:0.0000s ]
NOTIC: [8] Undefined index: openid D:\php\PHPTutorial\www\shop\Application\Mobile\Controller\MobileBaseController.class.php 第 89 行.

[ 2019-01-04T15:58:01+08:00 ] 127.0.0.1 /index.php/Mobile/Index/index.html
INFO: [ app_init ] --START--
INFO: Run Behavior\BuildLiteBehavior [ RunTime:0.000000s ]
INFO: [ app_init ] --END-- [ RunTime:0.002000s ]
INFO: [ app_begin ] --START--
INFO: Run Behavior\ReadHtmlCacheBehavior [ RunTime:0.002000s ]
INFO: [ app_begin ] --END-- [ RunTime:0.002000s ]
SQL: SHOW COLUMNS FROM `ty_wx_user` [ RunTime:0.0130s ]
SQL: SELECT * FROM `ty_wx_user` LIMIT 1   [ RunTime:0.0010s ]
NOTIC: [8] Undefined index: openid D:\php\PHPTutorial\www\shop\Application\Mobile\Controller\MobileBaseController.class.php 第 89 行.

[ 2019-01-04T15:58:14+08:00 ] 127.0.0.1 /index.php/Mobile/Index/index.html
INFO: [ app_init ] --START--
INFO: Run Behavior\BuildLiteBehavior [ RunTime:0.000000s ]
INFO: [ app_init ] --END-- [ RunTime:0.001000s ]
INFO: [ app_begin ] --START--
INFO: Run Behavior\ReadHtmlCacheBehavior [ RunTime:0.002000s ]
INFO: [ app_begin ] --END-- [ RunTime:0.002000s ]
SQL: SHOW COLUMNS FROM `ty_wx_user` [ RunTime:0.0130s ]
SQL: SELECT * FROM `ty_wx_user` LIMIT 1   [ RunTime:0.0000s ]
NOTIC: [8] Undefined index: openid D:\php\PHPTutorial\www\shop\Application\Mobile\Controller\MobileBaseController.class.php 第 89 行.

[ 2019-01-04T15:59:32+08:00 ] 127.0.0.1 /index.php/Mobile/Index/index.html
INFO: [ app_init ] --START--
INFO: Run Behavior\BuildLiteBehavior [ RunTime:0.000000s ]
INFO: [ app_init ] --END-- [ RunTime:0.001000s ]
INFO: [ app_begin ] --START--
INFO: Run Behavior\ReadHtmlCacheBehavior [ RunTime:0.001000s ]
INFO: [ app_begin ] --END-- [ RunTime:0.001000s ]
SQL: SHOW COLUMNS FROM `ty_wx_user` [ RunTime:0.0130s ]
SQL: SELECT * FROM `ty_wx_user` LIMIT 1   [ RunTime:0.0000s ]
NOTIC: [8] Undefined index: openid D:\php\PHPTutorial\www\shop\Application\Mobile\Controller\MobileBaseController.class.php 第 89 行.

[ 2019-01-04T16:00:01+08:00 ] 127.0.0.1 /index.php/Mobile/Index/index.html
INFO: [ app_init ] --START--
INFO: Run Behavior\BuildLiteBehavior [ RunTime:0.000000s ]
INFO: [ app_init ] --END-- [ RunTime:0.001000s ]
INFO: [ app_begin ] --START--
INFO: Run Behavior\ReadHtmlCacheBehavior [ RunTime:0.002000s ]
INFO: [ app_begin ] --END-- [ RunTime:0.002000s ]
SQL: SHOW COLUMNS FROM `ty_wx_user` [ RunTime:0.0130s ]
SQL: SELECT * FROM `ty_wx_user` LIMIT 1   [ RunTime:0.0010s ]
NOTIC: [8] Undefined index: openid D:\php\PHPTutorial\www\shop\Application\Mobile\Controller\MobileBaseController.class.php 第 89 行.

[ 2019-01-04T16:00:11+08:00 ] 127.0.0.1 /index.php/Mobile/Index/index.html
INFO: [ app_init ] --START--
INFO: Run Behavior\BuildLiteBehavior [ RunTime:0.000000s ]
INFO: [ app_init ] --END-- [ RunTime:0.001000s ]
INFO: [ app_begin ] --START--
INFO: Run Behavior\ReadHtmlCacheBehavior [ RunTime:0.002000s ]
INFO: [ app_begin ] --END-- [ RunTime:0.002000s ]
SQL: SHOW COLUMNS FROM `ty_wx_user` [ RunTime:0.0130s ]
SQL: SELECT * FROM `ty_wx_user` LIMIT 1   [ RunTime:0.0000s ]
NOTIC: [8] Undefined index: openid D:\php\PHPTutorial\www\shop\Application\Mobile\Controller\MobileBaseController.class.php 第 89 行.

[ 2019-01-04T16:03:26+08:00 ] 127.0.0.1 /index.php/Mobile/Index/index.html
INFO: [ app_init ] --START--
INFO: Run Behavior\BuildLiteBehavior [ RunTime:0.000000s ]
INFO: [ app_init ] --END-- [ RunTime:0.001000s ]
INFO: [ app_begin ] --START--
INFO: Run Behavior\ReadHtmlCacheBehavior [ RunTime:0.002000s ]
INFO: [ app_begin ] --END-- [ RunTime:0.002000s ]
SQL: SHOW COLUMNS FROM `ty_wx_user` [ RunTime:0.0130s ]
SQL: SELECT * FROM `ty_wx_user` LIMIT 1   [ RunTime:0.0000s ]
NOTIC: [8] Undefined index: openid D:\php\PHPTutorial\www\shop\Application\Mobile\Controller\MobileBaseController.class.php 第 89 行.

[ 2019-01-04T16:05:05+08:00 ] 127.0.0.1 /index.php/Mobile/Index/index.html
INFO: [ app_init ] --START--
INFO: Run Behavior\BuildLiteBehavior [ RunTime:0.000000s ]
INFO: [ app_init ] --END-- [ RunTime:0.002000s ]
INFO: [ app_begin ] --START--
INFO: Run Behavior\ReadHtmlCacheBehavior [ RunTime:0.001000s ]
INFO: [ app_begin ] --END-- [ RunTime:0.001000s ]
SQL: SHOW COLUMNS FROM `ty_wx_user` [ RunTime:0.0180s ]
SQL: SELECT * FROM `ty_wx_user` LIMIT 1   [ RunTime:0.0010s ]
NOTIC: [8] Undefined index: openid D:\php\PHPTutorial\www\shop\Application\Mobile\Controller\MobileBaseController.class.php 第 89 行.

[ 2019-01-04T16:08:24+08:00 ] 127.0.0.1 /index.php/Mobile/Index/index.html
INFO: [ app_init ] --START--
INFO: Run Behavior\BuildLiteBehavior [ RunTime:0.000000s ]
INFO: [ app_init ] --END-- [ RunTime:0.001000s ]
INFO: [ app_begin ] --START--
INFO: Run Behavior\ReadHtmlCacheBehavior [ RunTime:0.002000s ]
INFO: [ app_begin ] --END-- [ RunTime:0.002000s ]
SQL: SHOW COLUMNS FROM `ty_wx_user` [ RunTime:0.0140s ]
SQL: SELECT * FROM `ty_wx_user` LIMIT 1   [ RunTime:0.0000s ]
NOTIC: [8] Undefined index: openid D:\php\PHPTutorial\www\shop\Application\Mobile\Controller\MobileBaseController.class.php 第 89 行.

[ 2019-01-04T16:08:28+08:00 ] 127.0.0.1 /index.php/Mobile/Index/index.html
INFO: [ app_init ] --START--
INFO: Run Behavior\BuildLiteBehavior [ RunTime:0.000000s ]
INFO: [ app_init ] --END-- [ RunTime:0.002000s ]
INFO: [ app_begin ] --START--
INFO: Run Behavior\ReadHtmlCacheBehavior [ RunTime:0.001000s ]
INFO: [ app_begin ] --END-- [ RunTime:0.001000s ]
SQL: SHOW COLUMNS FROM `ty_wx_user` [ RunTime:0.0130s ]
SQL: SELECT * FROM `ty_wx_user` LIMIT 1   [ RunTime:0.0000s ]
NOTIC: [8] Undefined index: openid D:\php\PHPTutorial\www\shop\Application\Mobile\Controller\MobileBaseController.class.php 第 89 行.

[ 2019-01-04T16:09:24+08:00 ] 127.0.0.1 /index.php/Mobile/Index/index.html
INFO: [ app_init ] --START--
INFO: Run Behavior\BuildLiteBehavior [ RunTime:0.000000s ]
INFO: [ app_init ] --END-- [ RunTime:0.001000s ]
INFO: [ app_begin ] --START--
INFO: Run Behavior\ReadHtmlCacheBehavior [ RunTime:0.002000s ]
INFO: [ app_begin ] --END-- [ RunTime:0.002000s ]
SQL: SHOW COLUMNS FROM `ty_wx_user` [ RunTime:0.0150s ]
SQL: SELECT * FROM `ty_wx_user` LIMIT 1   [ RunTime:0.0010s ]
NOTIC: [8] Undefined index: openid D:\php\PHPTutorial\www\shop\Application\Mobile\Controller\MobileBaseController.class.php 第 89 行.

[ 2019-01-04T16:09:27+08:00 ] 127.0.0.1 /index.php/Mobile/Index/index.html
INFO: [ app_init ] --START--
INFO: Run Behavior\BuildLiteBehavior [ RunTime:0.000000s ]
INFO: [ app_init ] --END-- [ RunTime:0.001000s ]
INFO: [ app_begin ] --START--
INFO: Run Behavior\ReadHtmlCacheBehavior [ RunTime:0.001000s ]
INFO: [ app_begin ] --END-- [ RunTime:0.001000s ]
SQL: SHOW COLUMNS FROM `ty_wx_user` [ RunTime:0.0130s ]
SQL: SELECT * FROM `ty_wx_user` LIMIT 1   [ RunTime:0.0000s ]
NOTIC: [8] Undefined index: openid D:\php\PHPTutorial\www\shop\Application\Mobile\Controller\MobileBaseController.class.php 第 89 行.

[ 2019-01-04T16:15:11+08:00 ] 127.0.0.1 /index.php/Mobile/Index/index.html
INFO: [ app_init ] --START--
INFO: Run Behavior\BuildLiteBehavior [ RunTime:0.000000s ]
INFO: [ app_init ] --END-- [ RunTime:0.001000s ]
INFO: [ app_begin ] --START--
INFO: Run Behavior\ReadHtmlCacheBehavior [ RunTime:0.001000s ]
INFO: [ app_begin ] --END-- [ RunTime:0.001000s ]
SQL: SHOW COLUMNS FROM `ty_wx_user` [ RunTime:0.0150s ]
SQL: SELECT * FROM `ty_wx_user` LIMIT 1   [ RunTime:0.0010s ]
NOTIC: [8] Undefined index: openid D:\php\PHPTutorial\www\shop\Application\Mobile\Controller\MobileBaseController.class.php 第 89 行.

[ 2019-01-04T16:15:42+08:00 ] 127.0.0.1 /index.php/Mobile/Index/index.html
INFO: [ app_init ] --START--
INFO: Run Behavior\BuildLiteBehavior [ RunTime:0.000000s ]
INFO: [ app_init ] --END-- [ RunTime:0.001000s ]
INFO: [ app_begin ] --START--
INFO: Run Behavior\ReadHtmlCacheBehavior [ RunTime:0.001000s ]
INFO: [ app_begin ] --END-- [ RunTime:0.001000s ]
SQL: SHOW COLUMNS FROM `ty_wx_user` [ RunTime:0.0140s ]
SQL: SELECT * FROM `ty_wx_user` LIMIT 1   [ RunTime:0.0010s ]
NOTIC: [8] Undefined index: openid D:\php\PHPTutorial\www\shop\Application\Mobile\Controller\MobileBaseController.class.php 第 89 行.

[ 2019-01-04T16:16:15+08:00 ] 127.0.0.1 /index.php/Mobile/Index/index.html
INFO: [ app_init ] --START--
INFO: Run Behavior\BuildLiteBehavior [ RunTime:0.000000s ]
INFO: [ app_init ] --END-- [ RunTime:0.001000s ]
INFO: [ app_begin ] --START--
INFO: Run Behavior\ReadHtmlCacheBehavior [ RunTime:0.002000s ]
INFO: [ app_begin ] --END-- [ RunTime:0.002000s ]
SQL: SHOW COLUMNS FROM `ty_wx_user` [ RunTime:0.0140s ]
SQL: SELECT * FROM `ty_wx_user` LIMIT 1   [ RunTime:0.0000s ]
NOTIC: [8] Undefined index: openid D:\php\PHPTutorial\www\shop\Application\Mobile\Controller\MobileBaseController.class.php 第 89 行.

[ 2019-01-04T16:17:07+08:00 ] 127.0.0.1 /index.php/Mobile/Index/index.html
INFO: [ app_init ] --START--
INFO: Run Behavior\BuildLiteBehavior [ RunTime:0.000000s ]
INFO: [ app_init ] --END-- [ RunTime:0.001000s ]
INFO: [ app_begin ] --START--
INFO: Run Behavior\ReadHtmlCacheBehavior [ RunTime:0.001000s ]
INFO: [ app_begin ] --END-- [ RunTime:0.001000s ]
SQL: SHOW COLUMNS FROM `ty_wx_user` [ RunTime:0.0130s ]
SQL: SELECT * FROM `ty_wx_user` LIMIT 1   [ RunTime:0.0000s ]
NOTIC: [8] Undefined index: openid D:\php\PHPTutorial\www\shop\Application\Mobile\Controller\MobileBaseController.class.php 第 89 行.

[ 2019-01-04T16:18:45+08:00 ] 127.0.0.1 /index.php/Mobile/Index/index.html
INFO: [ app_init ] --START--
INFO: Run Behavior\BuildLiteBehavior [ RunTime:0.000000s ]
INFO: [ app_init ] --END-- [ RunTime:0.001000s ]
INFO: [ app_begin ] --START--
INFO: Run Behavior\ReadHtmlCacheBehavior [ RunTime:0.001000s ]
INFO: [ app_begin ] --END-- [ RunTime:0.001000s ]
SQL: SHOW COLUMNS FROM `ty_wx_user` [ RunTime:0.0130s ]
SQL: SELECT * FROM `ty_wx_user` LIMIT 1   [ RunTime:0.0000s ]
NOTIC: [8] Undefined index: openid D:\php\PHPTutorial\www\shop\Application\Mobile\Controller\MobileBaseController.class.php 第 89 行.

[ 2019-01-04T16:19:19+08:00 ] 127.0.0.1 /index.php/Mobile/Index/index.html
INFO: [ app_init ] --START--
INFO: Run Behavior\BuildLiteBehavior [ RunTime:0.000000s ]
INFO: [ app_init ] --END-- [ RunTime:0.003000s ]
INFO: [ app_begin ] --START--
INFO: Run Behavior\ReadHtmlCacheBehavior [ RunTime:0.002000s ]
INFO: [ app_begin ] --END-- [ RunTime:0.002000s ]
SQL: SHOW COLUMNS FROM `ty_wx_user` [ RunTime:0.0140s ]
SQL: SELECT * FROM `ty_wx_user` LIMIT 1   [ RunTime:0.0000s ]
NOTIC: [8] Undefined index: openid D:\php\PHPTutorial\www\shop\Application\Mobile\Controller\MobileBaseController.class.php 第 89 行.

[ 2019-01-04T16:19:45+08:00 ] 127.0.0.1 /index.php/Mobile/Index/index.html
INFO: [ app_init ] --START--
INFO: Run Behavior\BuildLiteBehavior [ RunTime:0.000000s ]
INFO: [ app_init ] --END-- [ RunTime:0.001000s ]
INFO: [ app_begin ] --START--
INFO: Run Behavior\ReadHtmlCacheBehavior [ RunTime:0.002000s ]
INFO: [ app_begin ] --END-- [ RunTime:0.002000s ]
SQL: SHOW COLUMNS FROM `ty_wx_user` [ RunTime:0.0170s ]
SQL: SELECT * FROM `ty_wx_user` LIMIT 1   [ RunTime:0.0010s ]
NOTIC: [8] Undefined index: openid D:\php\PHPTutorial\www\shop\Application\Mobile\Controller\MobileBaseController.class.php 第 89 行.

[ 2019-01-04T16:20:45+08:00 ] 127.0.0.1 /index.php/Mobile/Index/index.html
INFO: [ app_init ] --START--
INFO: Run Behavior\BuildLiteBehavior [ RunTime:0.000000s ]
INFO: [ app_init ] --END-- [ RunTime:0.001000s ]
INFO: [ app_begin ] --START--
INFO: Run Behavior\ReadHtmlCacheBehavior [ RunTime:0.002000s ]
INFO: [ app_begin ] --END-- [ RunTime:0.002000s ]
SQL: SHOW COLUMNS FROM `ty_wx_user` [ RunTime:0.0130s ]
SQL: SELECT * FROM `ty_wx_user` LIMIT 1   [ RunTime:0.0010s ]
NOTIC: [8] Undefined index: openid D:\php\PHPTutorial\www\shop\Application\Mobile\Controller\MobileBaseController.class.php 第 89 行.

[ 2019-01-04T16:26:07+08:00 ] 127.0.0.1 /index.php/Mobile/Index/index.html
INFO: [ app_init ] --START--
INFO: Run Behavior\BuildLiteBehavior [ RunTime:0.000000s ]
INFO: [ app_init ] --END-- [ RunTime:0.001000s ]
INFO: [ app_begin ] --START--
INFO: Run Behavior\ReadHtmlCacheBehavior [ RunTime:0.002000s ]
INFO: [ app_begin ] --END-- [ RunTime:0.002000s ]
SQL: SHOW COLUMNS FROM `ty_wx_user` [ RunTime:0.0150s ]
SQL: SELECT * FROM `ty_wx_user` LIMIT 1   [ RunTime:0.0010s ]
NOTIC: [8] Undefined index: openid D:\php\PHPTutorial\www\shop\Application\Mobile\Controller\MobileBaseController.class.php 第 89 行.

[ 2019-01-04T16:28:08+08:00 ] 127.0.0.1 /index.php/Mobile/Index/index.html
INFO: [ app_init ] --START--
INFO: Run Behavior\BuildLiteBehavior [ RunTime:0.000000s ]
INFO: [ app_init ] --END-- [ RunTime:0.001000s ]
INFO: [ app_begin ] --START--
INFO: Run Behavior\ReadHtmlCacheBehavior [ RunTime:0.001000s ]
INFO: [ app_begin ] --END-- [ RunTime:0.001000s ]
SQL: SHOW COLUMNS FROM `ty_wx_user` [ RunTime:0.0130s ]
SQL: SELECT * FROM `ty_wx_user` LIMIT 1   [ RunTime:0.0000s ]
NOTIC: [8] Undefined index: openid D:\php\PHPTutorial\www\shop\Application\Mobile\Controller\MobileBaseController.class.php 第 89 行.

[ 2019-01-04T16:28:31+08:00 ] 127.0.0.1 /index.php/Mobile/Index/index.html
INFO: [ app_init ] --START--
INFO: Run Behavior\BuildLiteBehavior [ RunTime:0.000000s ]
INFO: [ app_init ] --END-- [ RunTime:0.001000s ]
INFO: [ app_begin ] --START--
INFO: Run Behavior\ReadHtmlCacheBehavior [ RunTime:0.002000s ]
INFO: [ app_begin ] --END-- [ RunTime:0.002000s ]
SQL: SHOW COLUMNS FROM `ty_wx_user` [ RunTime:0.0130s ]
SQL: SELECT * FROM `ty_wx_user` LIMIT 1   [ RunTime:0.0000s ]
NOTIC: [8] Undefined index: openid D:\php\PHPTutorial\www\shop\Application\Mobile\Controller\MobileBaseController.class.php 第 89 行.

[ 2019-01-04T16:29:43+08:00 ] 127.0.0.1 /index.php/Mobile/Index/index.html
INFO: [ app_init ] --START--
INFO: Run Behavior\BuildLiteBehavior [ RunTime:0.000000s ]
INFO: [ app_init ] --END-- [ RunTime:0.001000s ]
INFO: [ app_begin ] --START--
INFO: Run Behavior\ReadHtmlCacheBehavior [ RunTime:0.001000s ]
INFO: [ app_begin ] --END-- [ RunTime:0.001000s ]
SQL: SHOW COLUMNS FROM `ty_wx_user` [ RunTime:0.0140s ]
SQL: SELECT * FROM `ty_wx_user` LIMIT 1   [ RunTime:0.0000s ]
NOTIC: [8] Undefined index: openid D:\php\PHPTutorial\www\shop\Application\Mobile\Controller\MobileBaseController.class.php 第 89 行.

[ 2019-01-04T17:01:33+08:00 ] 127.0.0.1 /index.php/Mobile/Index/index.html
INFO: [ app_init ] --START--
INFO: Run Behavior\BuildLiteBehavior [ RunTime:0.001000s ]
INFO: [ app_init ] --END-- [ RunTime:0.002000s ]
INFO: [ app_begin ] --START--
INFO: Run Behavior\ReadHtmlCacheBehavior [ RunTime:0.002000s ]
INFO: [ app_begin ] --END-- [ RunTime:0.002000s ]
SQL: SHOW COLUMNS FROM `ty_wx_user` [ RunTime:0.0150s ]
SQL: SELECT * FROM `ty_wx_user` LIMIT 1   [ RunTime:0.0000s ]
NOTIC: [8] Undefined index: openid D:\php\PHPTutorial\www\shop\Application\Mobile\Controller\MobileBaseController.class.php 第 89 行.

[ 2019-01-04T17:10:56+08:00 ] 127.0.0.1 /index.php/Mobile/Index/index.html
INFO: [ app_init ] --START--
INFO: Run Behavior\BuildLiteBehavior [ RunTime:0.000000s ]
INFO: [ app_init ] --END-- [ RunTime:0.002000s ]
INFO: [ app_begin ] --START--
INFO: Run Behavior\ReadHtmlCacheBehavior [ RunTime:0.002000s ]
INFO: [ app_begin ] --END-- [ RunTime:0.002000s ]
SQL: SHOW COLUMNS FROM `ty_wx_user` [ RunTime:0.0200s ]
SQL: SELECT * FROM `ty_wx_user` LIMIT 1   [ RunTime:0.0010s ]
NOTIC: [8] Undefined index: openid D:\php\PHPTutorial\www\shop\Application\Mobile\Controller\MobileBaseController.class.php 第 89 行.

[ 2019-01-04T17:11:16+08:00 ] 127.0.0.1 /index.php/Mobile/Index/index.html
INFO: [ app_init ] --START--
INFO: Run Behavior\BuildLiteBehavior [ RunTime:0.000000s ]
INFO: [ app_init ] --END-- [ RunTime:0.001000s ]
INFO: [ app_begin ] --START--
INFO: Run Behavior\ReadHtmlCacheBehavior [ RunTime:0.001000s ]
INFO: [ app_begin ] --END-- [ RunTime:0.001000s ]
SQL: SHOW COLUMNS FROM `ty_wx_user` [ RunTime:0.0140s ]
SQL: SELECT * FROM `ty_wx_user` LIMIT 1   [ RunTime:0.0000s ]
NOTIC: [8] Undefined index: openid D:\php\PHPTutorial\www\shop\Application\Mobile\Controller\MobileBaseController.class.php 第 89 行.

[ 2019-01-04T17:12:48+08:00 ] 127.0.0.1 /index.php/Mobile/Index/index.html
INFO: [ app_init ] --START--
INFO: Run Behavior\BuildLiteBehavior [ RunTime:0.000000s ]
INFO: [ app_init ] --END-- [ RunTime:0.001000s ]
INFO: [ app_begin ] --START--
INFO: Run Behavior\ReadHtmlCacheBehavior [ RunTime:0.001000s ]
INFO: [ app_begin ] --END-- [ RunTime:0.001000s ]
SQL: SHOW COLUMNS FROM `ty_wx_user` [ RunTime:0.0160s ]
SQL: SELECT * FROM `ty_wx_user` LIMIT 1   [ RunTime:0.0010s ]
NOTIC: [8] Undefined index: openid D:\php\PHPTutorial\www\shop\Application\Mobile\Controller\MobileBaseController.class.php 第 89 行.

[ 2019-01-04T17:13:04+08:00 ] 127.0.0.1 /index.php/Mobile/Index/index.html
INFO: [ app_init ] --START--
INFO: Run Behavior\BuildLiteBehavior [ RunTime:0.000000s ]
INFO: [ app_init ] --END-- [ RunTime:0.002000s ]
INFO: [ app_begin ] --START--
INFO: Run Behavior\ReadHtmlCacheBehavior [ RunTime:0.002000s ]
INFO: [ app_begin ] --END-- [ RunTime:0.002000s ]
SQL: SHOW COLUMNS FROM `ty_wx_user` [ RunTime:0.0140s ]
SQL: SELECT * FROM `ty_wx_user` LIMIT 1   [ RunTime:0.0000s ]
NOTIC: [8] Undefined index: openid D:\php\PHPTutorial\www\shop\Application\Mobile\Controller\MobileBaseController.class.php 第 89 行.

[ 2019-01-04T17:16:16+08:00 ] 127.0.0.1 /index.php/Mobile/Index/index.html
INFO: [ app_init ] --START--
INFO: Run Behavior\BuildLiteBehavior [ RunTime:0.000000s ]
INFO: [ app_init ] --END-- [ RunTime:0.001000s ]
INFO: [ app_begin ] --START--
INFO: Run Behavior\ReadHtmlCacheBehavior [ RunTime:0.001000s ]
INFO: [ app_begin ] --END-- [ RunTime:0.001000s ]
SQL: SHOW COLUMNS FROM `ty_wx_user` [ RunTime:0.0130s ]
SQL: SELECT * FROM `ty_wx_user` LIMIT 1   [ RunTime:0.0000s ]
NOTIC: [8] Undefined index: openid D:\php\PHPTutorial\www\shop\Application\Mobile\Controller\MobileBaseController.class.php 第 89 行.

