[ 2018-12-31T17:33:25+08:00 ] ::1 /index.php/WXAPI/Index/home?city=%E9%81%82%E5%AE%81%E5%B8%82
INFO: [ app_init ] --START--
INFO: Run Behavior\BuildLiteBehavior [ RunTime:0.000000s ]
INFO: [ app_init ] --END-- [ RunTime:0.001000s ]
INFO: [ app_begin ] --START--
INFO: Run Behavior\ReadHtmlCacheBehavior [ RunTime:0.000000s ]
INFO: [ app_begin ] --END-- [ RunTime:0.000000s ]
SQL: SHOW COLUMNS FROM `ty_ad` [ RunTime:0.0010s ]
SQL: SELECT `ad_link`,`ad_name`,`ad_code`,`pid` FROM `ty_ad` WHERE ( pid = 2 )  [ RunTime:0.0010s ]
SQL: SELECT * FROM `ty_ad` WHERE `ad_id` = 52 LIMIT 1   [ RunTime:0.0000s ]
SQL: SELECT * FROM `ty_ad` WHERE `ad_id` = 53 LIMIT 1   [ RunTime:0.0010s ]
SQL: SELECT * FROM `ty_ad` WHERE `ad_id` = 54 LIMIT 1   [ RunTime:0.0000s ]
SQL: SELECT * FROM `ty_ad` WHERE `ad_id` = 55 LIMIT 1   [ RunTime:0.0000s ]
SQL: SELECT * FROM `ty_ad` WHERE `ad_id` = 56 LIMIT 1   [ RunTime:0.0000s ]
SQL: SHOW COLUMNS FROM `ty_region` [ RunTime:0.0000s ]
SQL: SELECT `id` FROM `ty_region` WHERE `name` LIKE '%遂宁市%' LIMIT 1   [ RunTime:0.0240s ]
SQL: SHOW COLUMNS FROM `ty_store` [ RunTime:0.0010s ]
SQL: SELECT `store_id` FROM `ty_store` WHERE `city_id` = 34376  [ RunTime:0.0000s ]
SQL: SHOW COLUMNS FROM `ty_store_bind_class` [ RunTime:0.0000s ]
SQL: SELECT DISTINCT  `class_1` FROM `ty_store_bind_class` WHERE `store_id` IN ('15') LIMIT 3   [ RunTime:0.0000s ]
SQL: SHOW COLUMNS FROM `ty_goods_category` [ RunTime:0.0000s ]
SQL: SELECT `id`,`name` FROM `ty_goods_category` WHERE `id` IN ('1','3') LIMIT 3   [ RunTime:0.0010s ]
SQL: SHOW COLUMNS FROM `ty_goods_category` [ RunTime:0.0000s ]
SQL: SELECT `id`,`parent_id` FROM `ty_goods_category`  [ RunTime:0.0010s ]
SQL: SELECT `id` FROM `ty_goods_category` WHERE ( parent_id = 1 )  [ RunTime:0.0000s ]
SQL: SHOW COLUMNS FROM `ty_goods` [ RunTime:0.0010s ]
SQL: SELECT `goods_id`,`goods_name`,`original_img`,`shop_price`,`sales_sum`,`click_count` FROM `ty_goods` WHERE ( cat_id1 in(1,12,100,101,102,13,103,104,105,106,107,14,108,109,110,111,15,112,113,114,115,16,116,117,17,118,119,120,121,122,18,124,123,847) and store_id in(15) ) LIMIT 4   [ RunTime:0.0000s ]
SQL: SELECT `id` FROM `ty_goods_category` WHERE ( parent_id = 3 )  [ RunTime:0.0000s ]
SQL: SELECT `goods_id`,`goods_name`,`original_img`,`shop_price`,`sales_sum`,`click_count` FROM `ty_goods` WHERE ( cat_id1 in(3,24,154,155,156,157,158,159,160,25,161,162,163,164,165,166,167,168,169,170,171,172,173,174,175,176,177,26,178,179,180,181,182,183,184,185,186,187,188,189,190,27,191,192,193,194,195,28,196,197,198,199,200,201,202,203,204,205,206,207,208,209,29,210,211,212,213,214,215,216,217,218,219,220,221,30,222,223,224,225,226) and store_id in(15) ) LIMIT 4   [ RunTime:0.0010s ]
NOTIC: [2] Invalid argument supplied for foreach() D:\phpStudy1\WWW\lzjc\Application\WXAPI\Controller\IndexController.class.php 第 109 行.

[ 2018-12-31T17:33:28+08:00 ] ::1 /index.php/WXAPI/User/validateOpenid?openid=undefined
INFO: [ app_init ] --START--
INFO: Run Behavior\BuildLiteBehavior [ RunTime:0.000000s ]
INFO: [ app_init ] --END-- [ RunTime:0.001000s ]
INFO: [ app_begin ] --START--
INFO: Run Behavior\ReadHtmlCacheBehavior [ RunTime:0.000000s ]
INFO: [ app_begin ] --END-- [ RunTime:0.000000s ]
SQL: SHOW COLUMNS FROM `ty_users` [ RunTime:0.0010s ]
SQL: SHOW COLUMNS FROM `ty_users` [ RunTime:0.0020s ]
SQL: SELECT * FROM `ty_users` WHERE `open_id` = 'undefined' LIMIT 1   [ RunTime:0.0010s ]
SQL: SHOW COLUMNS FROM `ty_config` [ RunTime:0.0010s ]
SQL: SELECT * FROM `ty_config` WHERE `name` = 'hot_keywords' LIMIT 1   [ RunTime:0.0010s ]
SQL: SHOW COLUMNS FROM `ty_seller_apply` [ RunTime:0.0020s ]
SQL: SELECT * FROM `ty_seller_apply` WHERE `user_id` = 794 LIMIT 1   [ RunTime:0.0000s ]
INFO: [ app_end ] --START--
INFO: Run Behavior\ShowPageTraceBehavior [ RunTime:0.001000s ]
INFO: [ app_end ] --END-- [ RunTime:0.001000s ]

[ 2018-12-31T17:34:12+08:00 ] ::1 /index.php/WXAPI/User/getAddressList/user_id/794
INFO: [ app_init ] --START--
INFO: Run Behavior\BuildLiteBehavior [ RunTime:0.000000s ]
INFO: [ app_init ] --END-- [ RunTime:0.001000s ]
INFO: [ app_begin ] --START--
INFO: Run Behavior\ReadHtmlCacheBehavior [ RunTime:0.000000s ]
INFO: [ app_begin ] --END-- [ RunTime:0.000000s ]
SQL: SHOW COLUMNS FROM `ty_users` [ RunTime:0.0000s ]
SQL: SHOW COLUMNS FROM `ty_user_address` [ RunTime:0.0020s ]
SQL: SELECT * FROM `ty_user_address` WHERE `user_id` = 794  [ RunTime:0.0000s ]
SQL: SHOW COLUMNS FROM `ty_region` [ RunTime:0.0000s ]
SQL: SELECT `name` FROM `ty_region` WHERE `id` = 338 LIMIT 1   [ RunTime:0.0000s ]
SQL: SELECT `name` FROM `ty_region` WHERE `id` = 569 LIMIT 1   [ RunTime:0.0000s ]
SQL: SELECT `name` FROM `ty_region` WHERE `id` = 586 LIMIT 1   [ RunTime:0.0000s ]
SQL: SELECT `name` FROM `ty_region` WHERE `id` = 1 LIMIT 1   [ RunTime:0.0000s ]
SQL: SELECT `name` FROM `ty_region` WHERE `id` = 2 LIMIT 1   [ RunTime:0.0000s ]
SQL: SELECT `name` FROM `ty_region` WHERE `id` = 3 LIMIT 1   [ RunTime:0.0000s ]

